#
# There is insufficient memory for the Java Runtime Environment to continue.
# Native memory allocation (malloc) failed to allocate 412256 bytes for Chunk::new
# Possible reasons:
#   The system is out of physical RAM or swap space
#   The process is running with CompressedOops enabled, and the Java Heap may be blocking the growth of the native heap
# Possible solutions:
#   Reduce memory load on the system
#   Increase physical memory or swap space
#   Check if swap backing store is full
#   Decrease Java heap size (-Xmx/-Xms)
#   Decrease number of Java threads
#   Decrease Java thread stack sizes (-Xss)
#   Set larger code cache with -XX:ReservedCodeCacheSize=
#   JVM is running with Zero Based Compressed Oops mode in which the Java heap is
#     placed in the first 32GB address space. The Java Heap base address is the
#     maximum limit for the native heap growth. Please use -XX:HeapBaseMinAddress
#     to set the Java Heap base and to place the Java Heap above 32GB virtual address.
# This output file may be truncated or incomplete.
#
#  Out of Memory Error (arena.cpp:184), pid=25580, tid=26172
#
# JRE version: Java(TM) SE Runtime Environment (19.0.1+10) (build 19.0.1+10-21)
# Java VM: Java HotSpot(TM) 64-Bit Server VM (19.0.1+10-21, mixed mode, sharing, tiered, compressed oops, compressed class ptrs, g1 gc, windows-amd64)
# No core dump will be written. Minidumps are not enabled by default on client versions of Windows
#

---------------  S U M M A R Y ------------

Command Line: -agentpath:C:\Program Files\Palo Alto Networks\Traps\cyjagent.dll c:\tools\antlr-4.11.1-complete.jar -Dlanguage=CSharp -message-format antlr -o c:\temp\Orsted.WindTurbine.DSL\Out -listener -visitor -Xexact-output-dir c:\temp\Orsted.WindTurbine.DSL\Turbine.g4

Host: 11th Gen Intel(R) Core(TM) i5-1135G7 @ 2.40GHz, 8 cores, 15G,  Windows 10 , 64 bit Build 19041 (10.0.19041.2913)
Time: Sat Jul 22 21:59:32 2023 Malay Peninsula Standard Time elapsed time: 1.343972 seconds (0d 0h 0m 1s)

---------------  T H R E A D  ---------------

Current thread (0x0000029dc9019810):  JavaThread "C2 CompilerThread0" daemon [_thread_in_native, id=26172, stack(0x000000aeac000000,0x000000aeac100000)]


Current CompileTask:
C2:   1345 1171       4       org.stringtemplate.v4.compiler.STLexer::_nextToken (86 bytes)

Stack: [0x000000aeac000000,0x000000aeac100000]
Native frames: (J=compiled Java code, j=interpreted, Vv=VM code, C=native code)
V  [jvm.dll+0x6ee8fa]
V  [jvm.dll+0x857a1e]
V  [jvm.dll+0x85940e]
V  [jvm.dll+0x859ac3]
V  [jvm.dll+0x28291f]
V  [jvm.dll+0xc9b5f]
V  [jvm.dll+0xc9ee5]
V  [jvm.dll+0x2f7c6f]
V  [jvm.dll+0x5f0c5b]
V  [jvm.dll+0x2551fc]
V  [jvm.dll+0x24e097]
V  [jvm.dll+0x24b563]
V  [jvm.dll+0x1d6d61]
V  [jvm.dll+0x25b0fa]
V  [jvm.dll+0x259588]
V  [jvm.dll+0x807928]
V  [jvm.dll+0x8015fa]
V  [jvm.dll+0x6ed5eb]
C  [ucrtbase.dll+0x21bb2]
C  [cyinjct.dll+0x11e7]
C  [KERNEL32.DLL+0x17614]
C  [ntdll.dll+0x526a1]


---------------  P R O C E S S  ---------------

Threads class SMR info:
_java_thread_list=0x0000029dc9411730, length=14, elements={
0x0000029d9fa6b5f0, 0x0000029dc90095d0, 0x0000029dc900a3c0, 0x0000029dc900d5e0,
0x0000029dc9013870, 0x0000029dc9016660, 0x0000029dc9016f90, 0x0000029dc9019810,
0x0000029dc90244c0, 0x0000029dc90271f0, 0x0000029dc91459c0, 0x0000029dc9152460,
0x0000029dc93a7b10, 0x0000029dc9ad19c0
}

Java Threads: ( => current thread )
  0x0000029d9fa6b5f0 JavaThread "main" [_thread_blocked, id=18152, stack(0x000000aeab300000,0x000000aeab400000)]
  0x0000029dc90095d0 JavaThread "Reference Handler" daemon [_thread_blocked, id=22828, stack(0x000000aeaba00000,0x000000aeabb00000)]
  0x0000029dc900a3c0 JavaThread "Finalizer" daemon [_thread_blocked, id=40092, stack(0x000000aeabb00000,0x000000aeabc00000)]
  0x0000029dc900d5e0 JavaThread "Signal Dispatcher" daemon [_thread_blocked, id=37756, stack(0x000000aeabc00000,0x000000aeabd00000)]
  0x0000029dc9013870 JavaThread "Attach Listener" daemon [_thread_blocked, id=14992, stack(0x000000aeabd00000,0x000000aeabe00000)]
  0x0000029dc9016660 JavaThread "Service Thread" daemon [_thread_blocked, id=8196, stack(0x000000aeabe00000,0x000000aeabf00000)]
  0x0000029dc9016f90 JavaThread "Monitor Deflation Thread" daemon [_thread_blocked, id=36196, stack(0x000000aeabf00000,0x000000aeac000000)]
=>0x0000029dc9019810 JavaThread "C2 CompilerThread0" daemon [_thread_in_native, id=26172, stack(0x000000aeac000000,0x000000aeac100000)]
  0x0000029dc90244c0 JavaThread "C1 CompilerThread0" daemon [_thread_in_vm, id=26464, stack(0x000000aeac100000,0x000000aeac200000)]
  0x0000029dc90271f0 JavaThread "Sweeper thread" daemon [_thread_blocked, id=43276, stack(0x000000aeac200000,0x000000aeac300000)]
  0x0000029dc91459c0 JavaThread "Notification Thread" daemon [_thread_blocked, id=36484, stack(0x000000aeac300000,0x000000aeac400000)]
  0x0000029dc9152460 JavaThread "Common-Cleaner" daemon [_thread_blocked, id=39488, stack(0x000000aeac500000,0x000000aeac600000)]
  0x0000029dc93a7b10 JavaThread "C2 CompilerThread1" daemon [_thread_blocked, id=25384, stack(0x000000aeac600000,0x000000aeac700000)]
  0x0000029dc9ad19c0 JavaThread "C2 CompilerThread2" daemon [_thread_in_native, id=24356, stack(0x000000aeacc00000,0x000000aeacd00000)]

Other Threads:
  0x0000029dc47b3400 VMThread "VM Thread" [stack: 0x000000aeab900000,0x000000aeaba00000] [id=400]
  0x0000029dc91521b0 WatcherThread "VM Periodic Task Thread" [stack: 0x000000aeac400000,0x000000aeac500000] [id=5772]
  0x0000029d9fadb910 WorkerThread "GC Thread#0" [stack: 0x000000aeab400000,0x000000aeab500000] [id=42984]
  0x0000029dca139730 WorkerThread "GC Thread#1" [stack: 0x000000aeac700000,0x000000aeac800000] [id=6824]
  0x0000029dc93c5230 WorkerThread "GC Thread#2" [stack: 0x000000aeac800000,0x000000aeac900000] [id=8848]
  0x0000029dc93c5500 WorkerThread "GC Thread#3" [stack: 0x000000aeac900000,0x000000aeaca00000] [id=37492]
  0x0000029dca077bb0 WorkerThread "GC Thread#4" [stack: 0x000000aeaca00000,0x000000aeacb00000] [id=3844]
  0x0000029dca077e80 WorkerThread "GC Thread#5" [stack: 0x000000aeacb00000,0x000000aeacc00000] [id=31332]
  0x0000029d9faec4f0 ConcurrentGCThread "G1 Main Marker" [stack: 0x000000aeab500000,0x000000aeab600000] [id=24224]
  0x0000029d9faed5d0 WorkerThread "G1 Conc#0" [stack: 0x000000aeab600000,0x000000aeab700000] [id=43268]
  0x0000029dc465da20 ConcurrentGCThread "G1 Refine#0" [stack: 0x000000aeab700000,0x000000aeab800000] [id=23724]
  0x0000029dc465e470 ConcurrentGCThread "G1 Service" [stack: 0x000000aeab800000,0x000000aeab900000] [id=38400]

Threads with active compile tasks:
C2 CompilerThread0     1433 1171       4       org.stringtemplate.v4.compiler.STLexer::_nextToken (86 bytes)
C1 CompilerThread0     1434 1335       3       java.lang.invoke.MethodHandle::maybeCustomize (38 bytes)
C2 CompilerThread2     1434 1181   !   4       org.stringtemplate.v4.Interpreter::writeObject (188 bytes)

VM state: not at safepoint (normal execution)

VM Mutex/Monitor currently owned by a thread:  ([mutex/lock_event])
[0x0000029d9f400790] Metaspace_lock - owner thread: 0x0000029dc90244c0
[0x0000029d9fa67ff0] MethodData_lock - owner thread: 0x0000029dc90244c0

Heap address: 0x0000000704200000, size: 4030 MB, Compressed Oops mode: Zero based, Oop shift amount: 3

CDS archive(s) mapped at: [0x0000000800000000-0x0000000800c40000-0x0000000800c40000), size 12845056, SharedBaseAddress: 0x0000000800000000, ArchiveRelocationMode: 0.
Compressed class space mapped at: 0x0000000801000000-0x0000000841000000, reserved size: 1073741824
Narrow klass base: 0x0000000800000000, Narrow klass shift: 0, Narrow klass range: 0x100000000

GC Precious Log:
 CardTable entry size: 512
 Card Set container configuration: InlinePtr #cards 4 size 8 Array Of Cards #cards 16 size 48 Howl #buckets 8 coarsen threshold 3686 Howl Bitmap #cards 512 size 80 coarsen threshold 460 Card regions per heap region 1 cards per card region 4096
 CPUs: 8 total, 8 available
 Memory: 16112M
 Large Page Support: Disabled
 NUMA Support: Disabled
 Compressed Oops: Enabled (Zero based)
 Heap Region Size: 2M
 Heap Min Capacity: 8M
 Heap Initial Capacity: 252M
 Heap Max Capacity: 4030M
 Pre-touch: Disabled
 Parallel Workers: 8
 Concurrent Workers: 2
 Concurrent Refinement Workers: 8
 Periodic GC: Disabled

Heap:
 garbage-first heap   total 258048K, used 10082K [0x0000000704200000, 0x0000000800000000)
  region size 2048K, 5 young (10240K), 2 survivors (4096K)
 Metaspace       used 4940K, committed 5120K, reserved 1114112K
  class space    used 488K, committed 576K, reserved 1048576K

Heap Regions: E=young(eden), S=young(survivor), O=old, HS=humongous(starts), HC=humongous(continues), CS=collection set, F=free, OA=open archive, CA=closed archive, TAMS=top-at-mark-start (previous, next)
|   0|0x0000000704200000, 0x00000007043d8800, 0x0000000704400000| 92%| O|  |TAMS 0x0000000704200000, 0x0000000704200000| Untracked 
|   1|0x0000000704400000, 0x0000000704400000, 0x0000000704600000|  0%| F|  |TAMS 0x0000000704400000, 0x0000000704400000| Untracked 
|   2|0x0000000704600000, 0x0000000704600000, 0x0000000704800000|  0%| F|  |TAMS 0x0000000704600000, 0x0000000704600000| Untracked 
|   3|0x0000000704800000, 0x0000000704800000, 0x0000000704a00000|  0%| F|  |TAMS 0x0000000704800000, 0x0000000704800000| Untracked 
|   4|0x0000000704a00000, 0x0000000704a00000, 0x0000000704c00000|  0%| F|  |TAMS 0x0000000704a00000, 0x0000000704a00000| Untracked 
|   5|0x0000000704c00000, 0x0000000704c00000, 0x0000000704e00000|  0%| F|  |TAMS 0x0000000704c00000, 0x0000000704c00000| Untracked 
|   6|0x0000000704e00000, 0x0000000704e00000, 0x0000000705000000|  0%| F|  |TAMS 0x0000000704e00000, 0x0000000704e00000| Untracked 
|   7|0x0000000705000000, 0x0000000705000000, 0x0000000705200000|  0%| F|  |TAMS 0x0000000705000000, 0x0000000705000000| Untracked 
|   8|0x0000000705200000, 0x0000000705200000, 0x0000000705400000|  0%| F|  |TAMS 0x0000000705200000, 0x0000000705200000| Untracked 
|   9|0x0000000705400000, 0x0000000705400000, 0x0000000705600000|  0%| F|  |TAMS 0x0000000705400000, 0x0000000705400000| Untracked 
|  10|0x0000000705600000, 0x0000000705600000, 0x0000000705800000|  0%| F|  |TAMS 0x0000000705600000, 0x0000000705600000| Untracked 
|  11|0x0000000705800000, 0x0000000705800000, 0x0000000705a00000|  0%| F|  |TAMS 0x0000000705800000, 0x0000000705800000| Untracked 
|  12|0x0000000705a00000, 0x0000000705a00000, 0x0000000705c00000|  0%| F|  |TAMS 0x0000000705a00000, 0x0000000705a00000| Untracked 
|  13|0x0000000705c00000, 0x0000000705c00000, 0x0000000705e00000|  0%| F|  |TAMS 0x0000000705c00000, 0x0000000705c00000| Untracked 
|  14|0x0000000705e00000, 0x0000000705e00000, 0x0000000706000000|  0%| F|  |TAMS 0x0000000705e00000, 0x0000000705e00000| Untracked 
|  15|0x0000000706000000, 0x0000000706000000, 0x0000000706200000|  0%| F|  |TAMS 0x0000000706000000, 0x0000000706000000| Untracked 
|  16|0x0000000706200000, 0x0000000706200000, 0x0000000706400000|  0%| F|  |TAMS 0x0000000706200000, 0x0000000706200000| Untracked 
|  17|0x0000000706400000, 0x0000000706400000, 0x0000000706600000|  0%| F|  |TAMS 0x0000000706400000, 0x0000000706400000| Untracked 
|  18|0x0000000706600000, 0x0000000706600000, 0x0000000706800000|  0%| F|  |TAMS 0x0000000706600000, 0x0000000706600000| Untracked 
|  19|0x0000000706800000, 0x0000000706800000, 0x0000000706a00000|  0%| F|  |TAMS 0x0000000706800000, 0x0000000706800000| Untracked 
|  20|0x0000000706a00000, 0x0000000706a00000, 0x0000000706c00000|  0%| F|  |TAMS 0x0000000706a00000, 0x0000000706a00000| Untracked 
|  21|0x0000000706c00000, 0x0000000706c00000, 0x0000000706e00000|  0%| F|  |TAMS 0x0000000706c00000, 0x0000000706c00000| Untracked 
|  22|0x0000000706e00000, 0x0000000706e00000, 0x0000000707000000|  0%| F|  |TAMS 0x0000000706e00000, 0x0000000706e00000| Untracked 
|  23|0x0000000707000000, 0x0000000707000000, 0x0000000707200000|  0%| F|  |TAMS 0x0000000707000000, 0x0000000707000000| Untracked 
|  24|0x0000000707200000, 0x0000000707200000, 0x0000000707400000|  0%| F|  |TAMS 0x0000000707200000, 0x0000000707200000| Untracked 
|  25|0x0000000707400000, 0x0000000707400000, 0x0000000707600000|  0%| F|  |TAMS 0x0000000707400000, 0x0000000707400000| Untracked 
|  26|0x0000000707600000, 0x0000000707600000, 0x0000000707800000|  0%| F|  |TAMS 0x0000000707600000, 0x0000000707600000| Untracked 
|  27|0x0000000707800000, 0x0000000707800000, 0x0000000707a00000|  0%| F|  |TAMS 0x0000000707800000, 0x0000000707800000| Untracked 
|  28|0x0000000707a00000, 0x0000000707a00000, 0x0000000707c00000|  0%| F|  |TAMS 0x0000000707a00000, 0x0000000707a00000| Untracked 
|  29|0x0000000707c00000, 0x0000000707c00000, 0x0000000707e00000|  0%| F|  |TAMS 0x0000000707c00000, 0x0000000707c00000| Untracked 
|  30|0x0000000707e00000, 0x0000000707e00000, 0x0000000708000000|  0%| F|  |TAMS 0x0000000707e00000, 0x0000000707e00000| Untracked 
|  31|0x0000000708000000, 0x0000000708000000, 0x0000000708200000|  0%| F|  |TAMS 0x0000000708000000, 0x0000000708000000| Untracked 
|  32|0x0000000708200000, 0x0000000708200000, 0x0000000708400000|  0%| F|  |TAMS 0x0000000708200000, 0x0000000708200000| Untracked 
|  33|0x0000000708400000, 0x0000000708400000, 0x0000000708600000|  0%| F|  |TAMS 0x0000000708400000, 0x0000000708400000| Untracked 
|  34|0x0000000708600000, 0x0000000708600000, 0x0000000708800000|  0%| F|  |TAMS 0x0000000708600000, 0x0000000708600000| Untracked 
|  35|0x0000000708800000, 0x0000000708800000, 0x0000000708a00000|  0%| F|  |TAMS 0x0000000708800000, 0x0000000708800000| Untracked 
|  36|0x0000000708a00000, 0x0000000708a00000, 0x0000000708c00000|  0%| F|  |TAMS 0x0000000708a00000, 0x0000000708a00000| Untracked 
|  37|0x0000000708c00000, 0x0000000708c00000, 0x0000000708e00000|  0%| F|  |TAMS 0x0000000708c00000, 0x0000000708c00000| Untracked 
|  38|0x0000000708e00000, 0x0000000708e00000, 0x0000000709000000|  0%| F|  |TAMS 0x0000000708e00000, 0x0000000708e00000| Untracked 
|  39|0x0000000709000000, 0x0000000709000000, 0x0000000709200000|  0%| F|  |TAMS 0x0000000709000000, 0x0000000709000000| Untracked 
|  40|0x0000000709200000, 0x0000000709200000, 0x0000000709400000|  0%| F|  |TAMS 0x0000000709200000, 0x0000000709200000| Untracked 
|  41|0x0000000709400000, 0x0000000709400000, 0x0000000709600000|  0%| F|  |TAMS 0x0000000709400000, 0x0000000709400000| Untracked 
|  42|0x0000000709600000, 0x0000000709600000, 0x0000000709800000|  0%| F|  |TAMS 0x0000000709600000, 0x0000000709600000| Untracked 
|  43|0x0000000709800000, 0x0000000709800000, 0x0000000709a00000|  0%| F|  |TAMS 0x0000000709800000, 0x0000000709800000| Untracked 
|  44|0x0000000709a00000, 0x0000000709a00000, 0x0000000709c00000|  0%| F|  |TAMS 0x0000000709a00000, 0x0000000709a00000| Untracked 
|  45|0x0000000709c00000, 0x0000000709c00000, 0x0000000709e00000|  0%| F|  |TAMS 0x0000000709c00000, 0x0000000709c00000| Untracked 
|  46|0x0000000709e00000, 0x0000000709e00000, 0x000000070a000000|  0%| F|  |TAMS 0x0000000709e00000, 0x0000000709e00000| Untracked 
|  47|0x000000070a000000, 0x000000070a000000, 0x000000070a200000|  0%| F|  |TAMS 0x000000070a000000, 0x000000070a000000| Untracked 
|  48|0x000000070a200000, 0x000000070a200000, 0x000000070a400000|  0%| F|  |TAMS 0x000000070a200000, 0x000000070a200000| Untracked 
|  49|0x000000070a400000, 0x000000070a400000, 0x000000070a600000|  0%| F|  |TAMS 0x000000070a400000, 0x000000070a400000| Untracked 
|  50|0x000000070a600000, 0x000000070a600000, 0x000000070a800000|  0%| F|  |TAMS 0x000000070a600000, 0x000000070a600000| Untracked 
|  51|0x000000070a800000, 0x000000070a800000, 0x000000070aa00000|  0%| F|  |TAMS 0x000000070a800000, 0x000000070a800000| Untracked 
|  52|0x000000070aa00000, 0x000000070aa00000, 0x000000070ac00000|  0%| F|  |TAMS 0x000000070aa00000, 0x000000070aa00000| Untracked 
|  53|0x000000070ac00000, 0x000000070ac00000, 0x000000070ae00000|  0%| F|  |TAMS 0x000000070ac00000, 0x000000070ac00000| Untracked 
|  54|0x000000070ae00000, 0x000000070ae00000, 0x000000070b000000|  0%| F|  |TAMS 0x000000070ae00000, 0x000000070ae00000| Untracked 
|  55|0x000000070b000000, 0x000000070b000000, 0x000000070b200000|  0%| F|  |TAMS 0x000000070b000000, 0x000000070b000000| Untracked 
|  56|0x000000070b200000, 0x000000070b200000, 0x000000070b400000|  0%| F|  |TAMS 0x000000070b200000, 0x000000070b200000| Untracked 
|  57|0x000000070b400000, 0x000000070b400000, 0x000000070b600000|  0%| F|  |TAMS 0x000000070b400000, 0x000000070b400000| Untracked 
|  58|0x000000070b600000, 0x000000070b600000, 0x000000070b800000|  0%| F|  |TAMS 0x000000070b600000, 0x000000070b600000| Untracked 
|  59|0x000000070b800000, 0x000000070b800000, 0x000000070ba00000|  0%| F|  |TAMS 0x000000070b800000, 0x000000070b800000| Untracked 
|  60|0x000000070ba00000, 0x000000070ba00000, 0x000000070bc00000|  0%| F|  |TAMS 0x000000070ba00000, 0x000000070ba00000| Untracked 
|  61|0x000000070bc00000, 0x000000070bc00000, 0x000000070be00000|  0%| F|  |TAMS 0x000000070bc00000, 0x000000070bc00000| Untracked 
|  62|0x000000070be00000, 0x000000070be00000, 0x000000070c000000|  0%| F|  |TAMS 0x000000070be00000, 0x000000070be00000| Untracked 
|  63|0x000000070c000000, 0x000000070c000000, 0x000000070c200000|  0%| F|  |TAMS 0x000000070c000000, 0x000000070c000000| Untracked 
|  64|0x000000070c200000, 0x000000070c200000, 0x000000070c400000|  0%| F|  |TAMS 0x000000070c200000, 0x000000070c200000| Untracked 
|  65|0x000000070c400000, 0x000000070c400000, 0x000000070c600000|  0%| F|  |TAMS 0x000000070c400000, 0x000000070c400000| Untracked 
|  66|0x000000070c600000, 0x000000070c600000, 0x000000070c800000|  0%| F|  |TAMS 0x000000070c600000, 0x000000070c600000| Untracked 
|  67|0x000000070c800000, 0x000000070c800000, 0x000000070ca00000|  0%| F|  |TAMS 0x000000070c800000, 0x000000070c800000| Untracked 
|  68|0x000000070ca00000, 0x000000070ca00000, 0x000000070cc00000|  0%| F|  |TAMS 0x000000070ca00000, 0x000000070ca00000| Untracked 
|  69|0x000000070cc00000, 0x000000070cc00000, 0x000000070ce00000|  0%| F|  |TAMS 0x000000070cc00000, 0x000000070cc00000| Untracked 
|  70|0x000000070ce00000, 0x000000070ce00000, 0x000000070d000000|  0%| F|  |TAMS 0x000000070ce00000, 0x000000070ce00000| Untracked 
|  71|0x000000070d000000, 0x000000070d000000, 0x000000070d200000|  0%| F|  |TAMS 0x000000070d000000, 0x000000070d000000| Untracked 
|  72|0x000000070d200000, 0x000000070d200000, 0x000000070d400000|  0%| F|  |TAMS 0x000000070d200000, 0x000000070d200000| Untracked 
|  73|0x000000070d400000, 0x000000070d400000, 0x000000070d600000|  0%| F|  |TAMS 0x000000070d400000, 0x000000070d400000| Untracked 
|  74|0x000000070d600000, 0x000000070d600000, 0x000000070d800000|  0%| F|  |TAMS 0x000000070d600000, 0x000000070d600000| Untracked 
|  75|0x000000070d800000, 0x000000070d800000, 0x000000070da00000|  0%| F|  |TAMS 0x000000070d800000, 0x000000070d800000| Untracked 
|  76|0x000000070da00000, 0x000000070da00000, 0x000000070dc00000|  0%| F|  |TAMS 0x000000070da00000, 0x000000070da00000| Untracked 
|  77|0x000000070dc00000, 0x000000070dc00000, 0x000000070de00000|  0%| F|  |TAMS 0x000000070dc00000, 0x000000070dc00000| Untracked 
|  78|0x000000070de00000, 0x000000070de00000, 0x000000070e000000|  0%| F|  |TAMS 0x000000070de00000, 0x000000070de00000| Untracked 
|  79|0x000000070e000000, 0x000000070e000000, 0x000000070e200000|  0%| F|  |TAMS 0x000000070e000000, 0x000000070e000000| Untracked 
|  80|0x000000070e200000, 0x000000070e200000, 0x000000070e400000|  0%| F|  |TAMS 0x000000070e200000, 0x000000070e200000| Untracked 
|  81|0x000000070e400000, 0x000000070e400000, 0x000000070e600000|  0%| F|  |TAMS 0x000000070e400000, 0x000000070e400000| Untracked 
|  82|0x000000070e600000, 0x000000070e600000, 0x000000070e800000|  0%| F|  |TAMS 0x000000070e600000, 0x000000070e600000| Untracked 
|  83|0x000000070e800000, 0x000000070e800000, 0x000000070ea00000|  0%| F|  |TAMS 0x000000070e800000, 0x000000070e800000| Untracked 
|  84|0x000000070ea00000, 0x000000070ea00000, 0x000000070ec00000|  0%| F|  |TAMS 0x000000070ea00000, 0x000000070ea00000| Untracked 
|  85|0x000000070ec00000, 0x000000070ec00000, 0x000000070ee00000|  0%| F|  |TAMS 0x000000070ec00000, 0x000000070ec00000| Untracked 
|  86|0x000000070ee00000, 0x000000070ee00000, 0x000000070f000000|  0%| F|  |TAMS 0x000000070ee00000, 0x000000070ee00000| Untracked 
|  87|0x000000070f000000, 0x000000070f000000, 0x000000070f200000|  0%| F|  |TAMS 0x000000070f000000, 0x000000070f000000| Untracked 
|  88|0x000000070f200000, 0x000000070f200000, 0x000000070f400000|  0%| F|  |TAMS 0x000000070f200000, 0x000000070f200000| Untracked 
|  89|0x000000070f400000, 0x000000070f400000, 0x000000070f600000|  0%| F|  |TAMS 0x000000070f400000, 0x000000070f400000| Untracked 
|  90|0x000000070f600000, 0x000000070f600000, 0x000000070f800000|  0%| F|  |TAMS 0x000000070f600000, 0x000000070f600000| Untracked 
|  91|0x000000070f800000, 0x000000070f800000, 0x000000070fa00000|  0%| F|  |TAMS 0x000000070f800000, 0x000000070f800000| Untracked 
|  92|0x000000070fa00000, 0x000000070fa00000, 0x000000070fc00000|  0%| F|  |TAMS 0x000000070fa00000, 0x000000070fa00000| Untracked 
|  93|0x000000070fc00000, 0x000000070fc00000, 0x000000070fe00000|  0%| F|  |TAMS 0x000000070fc00000, 0x000000070fc00000| Untracked 
|  94|0x000000070fe00000, 0x000000070fe00000, 0x0000000710000000|  0%| F|  |TAMS 0x000000070fe00000, 0x000000070fe00000| Untracked 
|  95|0x0000000710000000, 0x0000000710000000, 0x0000000710200000|  0%| F|  |TAMS 0x0000000710000000, 0x0000000710000000| Untracked 
|  96|0x0000000710200000, 0x0000000710200000, 0x0000000710400000|  0%| F|  |TAMS 0x0000000710200000, 0x0000000710200000| Untracked 
|  97|0x0000000710400000, 0x0000000710400000, 0x0000000710600000|  0%| F|  |TAMS 0x0000000710400000, 0x0000000710400000| Untracked 
|  98|0x0000000710600000, 0x0000000710600000, 0x0000000710800000|  0%| F|  |TAMS 0x0000000710600000, 0x0000000710600000| Untracked 
|  99|0x0000000710800000, 0x0000000710800000, 0x0000000710a00000|  0%| F|  |TAMS 0x0000000710800000, 0x0000000710800000| Untracked 
| 100|0x0000000710a00000, 0x0000000710a00000, 0x0000000710c00000|  0%| F|  |TAMS 0x0000000710a00000, 0x0000000710a00000| Untracked 
| 101|0x0000000710c00000, 0x0000000710c00000, 0x0000000710e00000|  0%| F|  |TAMS 0x0000000710c00000, 0x0000000710c00000| Untracked 
| 102|0x0000000710e00000, 0x0000000710e00000, 0x0000000711000000|  0%| F|  |TAMS 0x0000000710e00000, 0x0000000710e00000| Untracked 
| 103|0x0000000711000000, 0x0000000711000000, 0x0000000711200000|  0%| F|  |TAMS 0x0000000711000000, 0x0000000711000000| Untracked 
| 104|0x0000000711200000, 0x0000000711200000, 0x0000000711400000|  0%| F|  |TAMS 0x0000000711200000, 0x0000000711200000| Untracked 
| 105|0x0000000711400000, 0x0000000711400000, 0x0000000711600000|  0%| F|  |TAMS 0x0000000711400000, 0x0000000711400000| Untracked 
| 106|0x0000000711600000, 0x0000000711600000, 0x0000000711800000|  0%| F|  |TAMS 0x0000000711600000, 0x0000000711600000| Untracked 
| 107|0x0000000711800000, 0x0000000711800000, 0x0000000711a00000|  0%| F|  |TAMS 0x0000000711800000, 0x0000000711800000| Untracked 
| 108|0x0000000711a00000, 0x0000000711a00000, 0x0000000711c00000|  0%| F|  |TAMS 0x0000000711a00000, 0x0000000711a00000| Untracked 
| 109|0x0000000711c00000, 0x0000000711c00000, 0x0000000711e00000|  0%| F|  |TAMS 0x0000000711c00000, 0x0000000711c00000| Untracked 
| 110|0x0000000711e00000, 0x0000000711e00000, 0x0000000712000000|  0%| F|  |TAMS 0x0000000711e00000, 0x0000000711e00000| Untracked 
| 111|0x0000000712000000, 0x0000000712000000, 0x0000000712200000|  0%| F|  |TAMS 0x0000000712000000, 0x0000000712000000| Untracked 
| 112|0x0000000712200000, 0x0000000712200000, 0x0000000712400000|  0%| F|  |TAMS 0x0000000712200000, 0x0000000712200000| Untracked 
| 113|0x0000000712400000, 0x0000000712600000, 0x0000000712600000|100%| S|CS|TAMS 0x0000000712400000, 0x0000000712400000| Complete 
| 114|0x0000000712600000, 0x0000000712800000, 0x0000000712800000|100%| S|CS|TAMS 0x0000000712600000, 0x0000000712600000| Complete 
| 115|0x0000000712800000, 0x0000000712800000, 0x0000000712a00000|  0%| F|  |TAMS 0x0000000712800000, 0x0000000712800000| Untracked 
| 116|0x0000000712a00000, 0x0000000712a00000, 0x0000000712c00000|  0%| F|  |TAMS 0x0000000712a00000, 0x0000000712a00000| Untracked 
| 117|0x0000000712c00000, 0x0000000712c00000, 0x0000000712e00000|  0%| F|  |TAMS 0x0000000712c00000, 0x0000000712c00000| Untracked 
| 118|0x0000000712e00000, 0x0000000712e00000, 0x0000000713000000|  0%| F|  |TAMS 0x0000000712e00000, 0x0000000712e00000| Untracked 
| 119|0x0000000713000000, 0x0000000713000000, 0x0000000713200000|  0%| F|  |TAMS 0x0000000713000000, 0x0000000713000000| Untracked 
| 120|0x0000000713200000, 0x0000000713200000, 0x0000000713400000|  0%| F|  |TAMS 0x0000000713200000, 0x0000000713200000| Untracked 
| 121|0x0000000713400000, 0x0000000713400000, 0x0000000713600000|  0%| F|  |TAMS 0x0000000713400000, 0x0000000713400000| Untracked 
| 122|0x0000000713600000, 0x0000000713600000, 0x0000000713800000|  0%| F|  |TAMS 0x0000000713600000, 0x0000000713600000| Untracked 
| 123|0x0000000713800000, 0x00000007138b1508, 0x0000000713a00000| 34%| E|  |TAMS 0x0000000713800000, 0x0000000713800000| Complete 
| 124|0x0000000713a00000, 0x0000000713c00000, 0x0000000713c00000|100%| E|CS|TAMS 0x0000000713a00000, 0x0000000713a00000| Complete 
| 125|0x0000000713c00000, 0x0000000713e00000, 0x0000000713e00000|100%| E|CS|TAMS 0x0000000713c00000, 0x0000000713c00000| Complete 

Card table byte_map: [0x0000029db9450000,0x0000029db9c30000] _byte_map_base: 0x0000029db5c2f000

Marking Bits (Prev, Next): (CMBitMap*) 0x0000029d9fadbe50, (CMBitMap*) 0x0000029d9fadbe90
 Prev Bits: [0x0000029dba410000, 0x0000029dbe308000)
 Next Bits: [0x0000029dbe310000, 0x0000029dc2208000)

Polling page: 0x0000029d9f780000

Metaspace:

Usage:
  Non-class:      4.35 MB used.
      Class:    488.13 KB used.
       Both:      4.82 MB used.

Virtual space:
  Non-class space:       64.00 MB reserved,       4.44 MB (  7%) committed,  1 nodes.
      Class space:        1.00 GB reserved,     576.00 KB ( <1%) committed,  1 nodes.
             Both:        1.06 GB reserved,       5.00 MB ( <1%) committed. 

Chunk freelists:
   Non-Class:  1.11 MB
       Class:  3.33 MB
        Both:  4.44 MB

MaxMetaspaceSize: unlimited
CompressedClassSpaceSize: 1.00 GB
Initial GC threshold: 21.00 MB
Current GC threshold: 21.00 MB
CDS: on
MetaspaceReclaimPolicy: balanced
 - commit_granule_bytes: 65536.
 - commit_granule_words: 8192.
 - virtual_space_node_default_size: 8388608.
 - enlarge_chunks_in_place: 1.
 - new_chunks_are_fully_committed: 0.
 - uncommit_free_chunks: 1.
 - use_allocation_guard: 0.


Internal statistics:

num_allocs_failed_limit: 0.
num_arena_births: 136.
num_arena_deaths: 0.
num_vsnodes_births: 2.
num_vsnodes_deaths: 0.
num_space_committed: 80.
num_space_uncommitted: 0.
num_chunks_returned_to_freelist: 0.
num_chunks_taken_from_freelist: 285.
num_chunk_merges: 0.
num_chunk_splits: 195.
num_chunks_enlarged: 146.
num_inconsistent_stats: 0.

CodeHeap 'non-profiled nmethods': size=120000Kb used=538Kb max_used=538Kb free=119461Kb
 bounds [0x0000029db0ea0000, 0x0000029db1110000, 0x0000029db83d0000]
CodeHeap 'profiled nmethods': size=120000Kb used=3071Kb max_used=3071Kb free=116928Kb
 bounds [0x0000029da93d0000, 0x0000029da96d0000, 0x0000029db0900000]
CodeHeap 'non-nmethods': size=5760Kb used=1228Kb max_used=1287Kb free=4531Kb
 bounds [0x0000029db0900000, 0x0000029db0b70000, 0x0000029db0ea0000]
 total_blobs=1744 nmethods=1330 adapters=325
 compilation: enabled
              stopped_count=0, restarted_count=0
 full_count=0

Compilation events (20 events):
Event: 1.330 Thread 0x0000029dc90244c0 1221       3       jdk.internal.org.objectweb.asm.SymbolTable$Entry::<init> (20 bytes)
Event: 1.331 Thread 0x0000029dc90244c0 nmethod 1221 0x0000029da969d110 code [0x0000029da969d2c0, 0x0000029da969d408]
Event: 1.331 Thread 0x0000029dc90244c0 1218       3       java.lang.invoke.LambdaForm::editor (5 bytes)
Event: 1.331 Thread 0x0000029dc90244c0 nmethod 1218 0x0000029da969d510 code [0x0000029da969d6e0, 0x0000029da969da08]
Event: 1.331 Thread 0x0000029dc90244c0 1224       3       java.lang.invoke.LambdaForm::useCount (61 bytes)
Event: 1.331 Thread 0x0000029dc90244c0 nmethod 1224 0x0000029da969db90 code [0x0000029da969dd60, 0x0000029da969e0c8]
Event: 1.331 Thread 0x0000029dc90244c0 1225       3       jdk.internal.org.objectweb.asm.MethodWriter::visitMethodInsn (191 bytes)
Event: 1.332 Thread 0x0000029dc90244c0 nmethod 1225 0x0000029da969e290 code [0x0000029da969e4c0, 0x0000029da969ec88]
Event: 1.332 Thread 0x0000029dc90244c0 1226       3       jdk.internal.org.objectweb.asm.SymbolTable::addConstantMethodref (24 bytes)
Event: 1.332 Thread 0x0000029dc90244c0 nmethod 1226 0x0000029da969ef90 code [0x0000029da969f140, 0x0000029da969f2e8]
Event: 1.332 Thread 0x0000029dc90244c0 1219       3       java.lang.invoke.LambdaFormEditor::lambdaFormEditor (12 bytes)
Event: 1.332 Thread 0x0000029dc90244c0 nmethod 1219 0x0000029da969f390 code [0x0000029da969f540, 0x0000029da969f7e8]
Event: 1.334 Thread 0x0000029dc90244c0 1229       3       java.lang.Module::isNamed (13 bytes)
Event: 1.334 Thread 0x0000029dc90244c0 nmethod 1229 0x0000029da969f910 code [0x0000029da969faa0, 0x0000029da969fc18]
Event: 1.334 Thread 0x0000029dc90244c0 1230       3       org.antlr.v4.runtime.misc.MurmurHash::initialize (2 bytes)
Event: 1.334 Thread 0x0000029dc90244c0 nmethod 1230 0x0000029da969fc90 code [0x0000029da969fe20, 0x0000029da969ff18]
Event: 1.334 Thread 0x0000029dc90244c0 1231       3       org.antlr.v4.runtime.misc.MurmurHash::finish (39 bytes)
Event: 1.334 Thread 0x0000029dc90244c0 nmethod 1231 0x0000029da969ff90 code [0x0000029da96a0120, 0x0000029da96a0238]
Event: 1.336 Thread 0x0000029dc90244c0 1232       3       java.lang.Class::getComponentType (14 bytes)
Event: 1.336 Thread 0x0000029dc90244c0 nmethod 1232 0x0000029da96a0310 code [0x0000029da96a04c0, 0x0000029da96a0688]

GC Heap History (2 events):
Event: 1.226 GC heap before
{Heap before GC invocations=0 (full 0):
 garbage-first heap   total 258048K, used 20480K [0x0000000704200000, 0x0000000800000000)
  region size 2048K, 11 young (22528K), 0 survivors (0K)
 Metaspace       used 4524K, committed 4736K, reserved 1114112K
  class space    used 454K, committed 576K, reserved 1048576K
}
Event: 1.252 GC heap after
{Heap after GC invocations=1 (full 0):
 garbage-first heap   total 258048K, used 5986K [0x0000000704200000, 0x0000000800000000)
  region size 2048K, 2 young (4096K), 2 survivors (4096K)
 Metaspace       used 4524K, committed 4736K, reserved 1114112K
  class space    used 454K, committed 576K, reserved 1048576K
}

Dll operation events (6 events):
Event: 0.018 Loaded shared library C:\tools\jdk-19.0.1\bin\java.dll
Event: 0.036 Loaded shared library C:\tools\jdk-19.0.1\bin\jsvml.dll
Event: 0.088 Loaded shared library C:\tools\jdk-19.0.1\bin\net.dll
Event: 0.094 Loaded shared library C:\tools\jdk-19.0.1\bin\nio.dll
Event: 0.105 Loaded shared library C:\tools\jdk-19.0.1\bin\zip.dll
Event: 0.193 Loaded shared library C:\tools\jdk-19.0.1\bin\jimage.dll

Deoptimization events (20 events):
Event: 0.794 Thread 0x0000029d9fa6b5f0 DEOPT PACKING pc=0x0000029db0ec62cc sp=0x000000aeab3fe620
Event: 0.794 Thread 0x0000029d9fa6b5f0 DEOPT UNPACKING pc=0x0000029db096a5a3 sp=0x000000aeab3fe5d0 mode 2
Event: 0.930 Thread 0x0000029d9fa6b5f0 DEOPT PACKING pc=0x0000029da94e96d7 sp=0x000000aeab3fa9c0
Event: 0.930 Thread 0x0000029d9fa6b5f0 DEOPT UNPACKING pc=0x0000029db096b0e3 sp=0x000000aeab3f9e48 mode 0
Event: 1.302 Thread 0x0000029d9fa6b5f0 Uncommon trap: trap_request=0xfffffff4 fr.pc=0x0000029db0f0e284 relative=0x00000000000004c4
Event: 1.302 Thread 0x0000029d9fa6b5f0 Uncommon trap: reason=null_check action=make_not_entrant pc=0x0000029db0f0e284 method=org.stringtemplate.v4.ST.rawSetAttribute(Ljava/lang/String;Ljava/lang/Object;)V @ 94 c2
Event: 1.302 Thread 0x0000029d9fa6b5f0 DEOPT PACKING pc=0x0000029db0f0e284 sp=0x000000aeab3fe980
Event: 1.302 Thread 0x0000029d9fa6b5f0 DEOPT UNPACKING pc=0x0000029db096a5a3 sp=0x000000aeab3fe958 mode 2
Event: 1.314 Thread 0x0000029d9fa6b5f0 Uncommon trap: trap_request=0xffffff45 fr.pc=0x0000029db0ecfbe8 relative=0x0000000000000148
Event: 1.314 Thread 0x0000029d9fa6b5f0 Uncommon trap: reason=unstable_if action=reinterpret pc=0x0000029db0ecfbe8 method=org.antlr.runtime.tree.BaseTree.getChild(I)Lorg/antlr/runtime/tree/Tree; @ 17 c2
Event: 1.314 Thread 0x0000029d9fa6b5f0 DEOPT PACKING pc=0x0000029db0ecfbe8 sp=0x000000aeab3fe8a0
Event: 1.314 Thread 0x0000029d9fa6b5f0 DEOPT UNPACKING pc=0x0000029db096a5a3 sp=0x000000aeab3fe838 mode 2
Event: 1.319 Thread 0x0000029d9fa6b5f0 Uncommon trap: trap_request=0xffffffc6 fr.pc=0x0000029db0f080f0 relative=0x0000000000000850
Event: 1.319 Thread 0x0000029d9fa6b5f0 Uncommon trap: reason=bimorphic_or_optimized_type_check action=maybe_recompile pc=0x0000029db0f080f0 method=java.util.HashMap.putVal(ILjava/lang/Object;Ljava/lang/Object;ZZ)Ljava/lang/Object; @ 91 c2
Event: 1.319 Thread 0x0000029d9fa6b5f0 DEOPT PACKING pc=0x0000029db0f080f0 sp=0x000000aeab3fee50
Event: 1.319 Thread 0x0000029d9fa6b5f0 DEOPT UNPACKING pc=0x0000029db096a5a3 sp=0x000000aeab3fede0 mode 2
Event: 1.319 Thread 0x0000029d9fa6b5f0 Uncommon trap: trap_request=0xffffffc6 fr.pc=0x0000029db0f09330 relative=0x0000000000000590
Event: 1.319 Thread 0x0000029d9fa6b5f0 Uncommon trap: reason=bimorphic_or_optimized_type_check action=maybe_recompile pc=0x0000029db0f09330 method=java.util.HashMap.getNode(Ljava/lang/Object;)Ljava/util/HashMap$Node; @ 63 c2
Event: 1.319 Thread 0x0000029d9fa6b5f0 DEOPT PACKING pc=0x0000029db0f09330 sp=0x000000aeab3feef0
Event: 1.319 Thread 0x0000029d9fa6b5f0 DEOPT UNPACKING pc=0x0000029db096a5a3 sp=0x000000aeab3fee08 mode 2

Classes loaded (20 events):
Event: 1.182 Loading class java/lang/reflect/ProxyGenerator
Event: 1.183 Loading class java/lang/reflect/ProxyGenerator done
Event: 1.183 Loading class java/lang/reflect/ProxyGenerator$ProxyMethod
Event: 1.183 Loading class java/lang/reflect/ProxyGenerator$ProxyMethod done
Event: 1.184 Loading class java/lang/reflect/ProxyGenerator$PrimitiveTypeInfo
Event: 1.193 Loading class java/lang/reflect/ProxyGenerator$PrimitiveTypeInfo done
Event: 1.194 Loading class jdk/internal/org/objectweb/asm/Edge
Event: 1.194 Loading class jdk/internal/org/objectweb/asm/Edge done
Event: 1.195 Loading class java/lang/reflect/Proxy$ProxyBuilder$1
Event: 1.195 Loading class java/lang/reflect/Proxy$ProxyBuilder$1 done
Event: 1.197 Loading class java/lang/reflect/UndeclaredThrowableException
Event: 1.197 Loading class java/lang/reflect/UndeclaredThrowableException done
Event: 1.198 Loading class java/lang/Deprecated
Event: 1.198 Loading class java/lang/Deprecated done
Event: 1.198 Loading class java/lang/annotation/Documented
Event: 1.198 Loading class java/lang/annotation/Documented done
Event: 1.199 Loading class java/lang/annotation/Target
Event: 1.199 Loading class java/lang/annotation/Target done
Event: 1.310 Loading class java/io/FileNotFoundException
Event: 1.310 Loading class java/io/FileNotFoundException done

Classes unloaded (0 events):
No events

Classes redefined (1 events):
Event: 0.080 Thread 0x0000029dc47b3400 redefined class name=java.io.FileOutputStream, count=1

Internal exceptions (4 events):
Event: 0.333 Thread 0x0000029d9fa6b5f0 Exception <a 'java/lang/NoSuchMethodError'{0x00000007136136a0}: 'void java.lang.invoke.Invokers$Holder.invokeExact_MT(java.lang.Object, java.lang.Object, java.lang.Object, java.lang.Object)'> (0x00000007136136a0) 
thrown [s\open\src\hotspot\share\interpreter\linkResolver.cpp, line 774]
Event: 0.343 Thread 0x0000029d9fa6b5f0 Exception <a 'java/lang/NoSuchMethodError'{0x000000071361a048}: 'int java.lang.invoke.DirectMethodHandle$Holder.invokeSpecial(java.lang.Object, java.lang.Object, java.lang.Object)'> (0x000000071361a048) 
thrown [s\open\src\hotspot\share\interpreter\linkResolver.cpp, line 774]
Event: 0.344 Thread 0x0000029d9fa6b5f0 Exception <a 'java/lang/NoSuchMethodError'{0x0000000713625040}: 'void java.lang.invoke.DelegatingMethodHandle$Holder.reinvoke_L(java.lang.Object, java.lang.Object, int)'> (0x0000000713625040) 
thrown [s\open\src\hotspot\share\interpreter\linkResolver.cpp, line 774]
Event: 1.302 Thread 0x0000029d9fa6b5f0 Implicit null exception at 0x0000029db0f0df8e to 0x0000029db0f0e274

VM Operations (16 events):
Event: 0.079 Executing VM operation: RedefineClasses
Event: 0.080 Executing VM operation: RedefineClasses done
Event: 0.108 Executing VM operation: HandshakeAllThreads
Event: 0.108 Executing VM operation: HandshakeAllThreads done
Event: 0.494 Executing VM operation: HandshakeAllThreads
Event: 0.494 Executing VM operation: HandshakeAllThreads done
Event: 0.541 Executing VM operation: HandshakeAllThreads
Event: 0.541 Executing VM operation: HandshakeAllThreads done
Event: 0.543 Executing VM operation: HandshakeAllThreads
Event: 0.543 Executing VM operation: HandshakeAllThreads done
Event: 0.593 Executing VM operation: HandshakeAllThreads
Event: 0.593 Executing VM operation: HandshakeAllThreads done
Event: 0.862 Executing VM operation: ICBufferFull
Event: 0.862 Executing VM operation: ICBufferFull done
Event: 1.226 Executing VM operation: G1CollectForAllocation
Event: 1.252 Executing VM operation: G1CollectForAllocation done

Events (16 events):
Event: 0.036 Thread 0x0000029d9fa6b5f0 Thread added: 0x0000029d9fa6b5f0
Event: 0.057 Thread 0x0000029dc90095d0 Thread added: 0x0000029dc90095d0
Event: 0.058 Thread 0x0000029dc900a3c0 Thread added: 0x0000029dc900a3c0
Event: 0.058 Thread 0x0000029dc900d5e0 Thread added: 0x0000029dc900d5e0
Event: 0.058 Thread 0x0000029dc9013870 Thread added: 0x0000029dc9013870
Event: 0.058 Thread 0x0000029dc9016660 Thread added: 0x0000029dc9016660
Event: 0.059 Thread 0x0000029dc9016f90 Thread added: 0x0000029dc9016f90
Event: 0.059 Thread 0x0000029dc9019810 Thread added: 0x0000029dc9019810
Event: 0.059 Thread 0x0000029dc90244c0 Thread added: 0x0000029dc90244c0
Event: 0.059 Thread 0x0000029dc90271f0 Thread added: 0x0000029dc90271f0
Event: 0.080 Thread 0x0000029dc91459c0 Thread added: 0x0000029dc91459c0
Event: 0.083 Thread 0x0000029dc9152460 Thread added: 0x0000029dc9152460
Event: 0.596 Thread 0x0000029dc93a7b10 Thread added: 0x0000029dc93a7b10
Event: 0.770 Thread 0x0000029dc93c53b0 Thread added: 0x0000029dc93c53b0
Event: 1.161 Thread 0x0000029dc93c53b0 Thread exited: 0x0000029dc93c53b0
Event: 1.279 Thread 0x0000029dc9ad19c0 Thread added: 0x0000029dc9ad19c0


Dynamic libraries:
0x00007ff6a3280000 - 0x00007ff6a3290000 	C:\tools\jdk-19.0.1\bin\java.exe
0x00007ffbe1630000 - 0x00007ffbe1828000 	C:\WINDOWS\SYSTEM32\ntdll.dll
0x00007ffbe1390000 - 0x00007ffbe144f000 	C:\WINDOWS\System32\KERNEL32.DLL
0x00007ffbe1090000 - 0x00007ffbe1386000 	C:\WINDOWS\System32\KERNELBASE.dll
0x000000003e0d0000 - 0x000000003e10b000 	C:\WINDOWS\System32\cyinjct.dll
0x00007ffbe0f10000 - 0x00007ffbe0f1c000 	C:\WINDOWS\System32\ntnativeapi.dll
0x00007ffbd8990000 - 0x00007ffbd89a8000 	C:\tools\jdk-19.0.1\bin\jli.dll
0x00007ffbe0300000 - 0x00007ffbe03af000 	C:\WINDOWS\System32\ADVAPI32.dll
0x00007ffbe0040000 - 0x00007ffbe00de000 	C:\WINDOWS\System32\msvcrt.dll
0x00007ffbe0890000 - 0x00007ffbe092c000 	C:\WINDOWS\System32\sechost.dll
0x00007ffbe0f60000 - 0x00007ffbe1086000 	C:\WINDOWS\System32\RPCRT4.dll
0x0000029d9f4d0000 - 0x0000029d9f66d000 	C:\WINDOWS\System32\USER32.dll
0x00007ffbdedd0000 - 0x00007ffbdedf2000 	C:\WINDOWS\System32\win32u.dll
0x00007ffbe0780000 - 0x00007ffbe07ac000 	C:\WINDOWS\System32\GDI32.dll
0x00007ffbdf000000 - 0x00007ffbdf115000 	C:\WINDOWS\System32\gdi32full.dll
0x00007ffbdef60000 - 0x00007ffbdeffd000 	C:\WINDOWS\System32\msvcp_win.dll
0x0000029d9f670000 - 0x0000029d9f770000 	C:\WINDOWS\System32\ucrtbase.dll
0x00007ffbd2760000 - 0x00007ffbd277b000 	C:\tools\jdk-19.0.1\bin\VCRUNTIME140.dll
0x00007ffbbf3d0000 - 0x00007ffbbf66a000 	C:\WINDOWS\WinSxS\amd64_microsoft.windows.common-controls_6595b64144ccf1df_6.0.19041.1110_none_60b5254171f9507e\COMCTL32.dll
0x00007ffbd17d0000 - 0x00007ffbd17da000 	C:\WINDOWS\SYSTEM32\VERSION.dll
0x00007ffbe0ef0000 - 0x00007ffbe0f0e000 	C:\WINDOWS\System32\cyvera.dll
0x00007ffbe0e80000 - 0x00007ffbe0ee9000 	C:\WINDOWS\System32\cyvrtrap.dll
0x00007ffbdf270000 - 0x00007ffbdf2a0000 	C:\WINDOWS\System32\IMM32.DLL
0x00007ffbde430000 - 0x00007ffbde53f000 	C:\Program Files\Avecto\Privilege Guard Client\PGHook.dll
0x00007ffbbe970000 - 0x00007ffbbe97c000 	C:\tools\jdk-19.0.1\bin\vcruntime140_1.dll
0x00007ffb8d2a0000 - 0x00007ffb8d32e000 	C:\tools\jdk-19.0.1\bin\msvcp140.dll
0x00007ffb0ba40000 - 0x00007ffb0c700000 	C:\tools\jdk-19.0.1\bin\server\jvm.dll
0x00007ffbadd90000 - 0x00007ffbadd99000 	C:\WINDOWS\SYSTEM32\WSOCK32.dll
0x00007ffbe0710000 - 0x00007ffbe077b000 	C:\WINDOWS\System32\WS2_32.dll
0x00007ffbce850000 - 0x00007ffbce877000 	C:\WINDOWS\SYSTEM32\WINMM.dll
0x00007ffbdd5b0000 - 0x00007ffbdd5c2000 	C:\WINDOWS\SYSTEM32\kernel.appcore.dll
0x00007ffbbe370000 - 0x00007ffbbe37a000 	C:\tools\jdk-19.0.1\bin\jimage.dll
0x00007ffbdce50000 - 0x00007ffbdd034000 	C:\WINDOWS\SYSTEM32\DBGHELP.DLL
0x00007ffbb5c00000 - 0x00007ffbb5c34000 	C:\WINDOWS\SYSTEM32\dbgcore.DLL
0x00007ffbdf1e0000 - 0x00007ffbdf262000 	C:\WINDOWS\System32\bcryptPrimitives.dll
0x00007ffbe0e40000 - 0x00007ffbe0e77000 	C:\Program Files\Palo Alto Networks\Traps\cyjagent.dll
0x00007ffbbaf50000 - 0x00007ffbbaf76000 	C:\tools\jdk-19.0.1\bin\java.dll
0x00007ffb81c10000 - 0x00007ffb81ce7000 	C:\tools\jdk-19.0.1\bin\jsvml.dll
0x00007ffbdf460000 - 0x00007ffbdfba4000 	C:\WINDOWS\System32\SHELL32.dll
0x00007ffbdc5e0000 - 0x00007ffbdcd73000 	C:\WINDOWS\SYSTEM32\windows.storage.dll
0x00007ffbe03b0000 - 0x00007ffbe0704000 	C:\WINDOWS\System32\combase.dll
0x00007ffbde3e0000 - 0x00007ffbde40e000 	C:\WINDOWS\SYSTEM32\Wldp.dll
0x00007ffbe0cc0000 - 0x00007ffbe0d6d000 	C:\WINDOWS\System32\SHCORE.dll
0x00007ffbe00e0000 - 0x00007ffbe0135000 	C:\WINDOWS\System32\shlwapi.dll
0x00007ffbdeb30000 - 0x00007ffbdeb4f000 	C:\WINDOWS\SYSTEM32\profapi.dll
0x00007ffbbe350000 - 0x00007ffbbe363000 	C:\tools\jdk-19.0.1\bin\net.dll
0x00007ffbdda20000 - 0x00007ffbddb2a000 	C:\WINDOWS\SYSTEM32\WINHTTP.dll
0x00007ffbde1d0000 - 0x00007ffbde23a000 	C:\WINDOWS\system32\mswsock.dll
0x00007ffbbaf30000 - 0x00007ffbbaf46000 	C:\tools\jdk-19.0.1\bin\nio.dll
0x00007ffb9e2e0000 - 0x00007ffb9e2f8000 	C:\tools\jdk-19.0.1\bin\zip.dll

dbghelp: loaded successfully - version: 4.0.5 - missing functions: none
symbol engine: initialized successfully - sym options: 0x614 - pdb path: .;C:\tools\jdk-19.0.1\bin;C:\WINDOWS\SYSTEM32;C:\WINDOWS\WinSxS\amd64_microsoft.windows.common-controls_6595b64144ccf1df_6.0.19041.1110_none_60b5254171f9507e;C:\Program Files\Avecto\Privilege Guard Client;C:\tools\jdk-19.0.1\bin\server;C:\Program Files\Palo Alto Networks\Traps

VM Arguments:
jvm_args: -agentpath:C:\Program Files\Palo Alto Networks\Traps\cyjagent.dll 
java_command: c:\tools\antlr-4.11.1-complete.jar -Dlanguage=CSharp -message-format antlr -o c:\temp\Orsted.WindTurbine.DSL\Out -listener -visitor -Xexact-output-dir c:\temp\Orsted.WindTurbine.DSL\Turbine.g4
java_class_path (initial): c:\tools\antlr-4.11.1-complete.jar
Launcher Type: SUN_STANDARD

[Global flags]
     intx CICompilerCount                          = 4                                         {product} {ergonomic}
     uint ConcGCThreads                            = 2                                         {product} {ergonomic}
     uint G1ConcRefinementThreads                  = 8                                         {product} {ergonomic}
   size_t G1HeapRegionSize                         = 2097152                                   {product} {ergonomic}
    uintx GCDrainStackTargetSize                   = 64                                        {product} {ergonomic}
   size_t InitialHeapSize                          = 264241152                                 {product} {ergonomic}
   size_t MarkStackSize                            = 4194304                                   {product} {ergonomic}
   size_t MaxHeapSize                              = 4225761280                                {product} {ergonomic}
   size_t MaxNewSize                               = 2535456768                                {product} {ergonomic}
   size_t MinHeapDeltaBytes                        = 2097152                                   {product} {ergonomic}
   size_t MinHeapSize                              = 8388608                                   {product} {ergonomic}
    uintx NonNMethodCodeHeapSize                   = 5839372                                {pd product} {ergonomic}
    uintx NonProfiledCodeHeapSize                  = 122909434                              {pd product} {ergonomic}
    uintx ProfiledCodeHeapSize                     = 122909434                              {pd product} {ergonomic}
    uintx ReservedCodeCacheSize                    = 251658240                              {pd product} {ergonomic}
     bool SegmentedCodeCache                       = true                                      {product} {ergonomic}
   size_t SoftMaxHeapSize                          = 4225761280                             {manageable} {ergonomic}
     bool UseCompressedClassPointers               = true                           {product lp64_product} {ergonomic}
     bool UseCompressedOops                        = true                           {product lp64_product} {ergonomic}
     bool UseG1GC                                  = true                                      {product} {ergonomic}
     bool UseLargePagesIndividualAllocation        = false                                  {pd product} {ergonomic}

Logging:
Log output configuration:
 #0: stdout all=warning uptime,level,tags foldmultilines=false
 #1: stderr all=off uptime,level,tags foldmultilines=false

Environment Variables:
JAVA_HOME=C:\tools\jdk-19.0.1
PATH=C:\Program Files (x86)\Microsoft SDKs\Azure\CLI2\wbin;C:\WINDOWS\CCM\;C:\WINDOWS\system32;C:\WINDOWS;C:\WINDOWS\System32\Wbem;C:\WINDOWS\System32\WindowsPowerShell\v1.0\;C:\WINDOWS\System32\OpenSSH\;C:\WINDOWS\system32\config\systemprofile\AppData\Local\Microsoft\WindowsApps;C:\Program Files\Azure Data Studio\bin;C:\Program Files\Git\cmd;C:\Program Files\nodejs\;C:\Program Files\Microsoft SQL Server\150\Tools\Binn\;C:\Program Files\dotnet\;C:\Program Files\Microsoft SQL Server\Client SDK\ODBC\170\Tools\Binn\;C:\Program Files\Microsoft\Azure Functions Core Tools\;C:\WINDOWS\system32\config\systemprofile\AppData\Roaming\npm;C:\Program Files\Microsoft VS Code\bin;C:\WINDOWS\system32\config\systemprofile\.dotnet\tools;C:\Users\sansi\AppData\Roaming\npm;C:\tools\jdk-19.0.1\bin;C:\Users\sansi\AppData\Local\GitHubDesktop\bin;C:\Users\sansi\AppData\Local\Programs\Microsoft VS Code\bin;C:\Users\sansi\AppData\Local\Programs\Lens\resources\cli\bin;C:\Users\sansi\.dotnet\tools
USERNAME=SANSI
OS=Windows_NT
PROCESSOR_IDENTIFIER=Intel64 Family 6 Model 140 Stepping 1, GenuineIntel
TMP=C:\Users\sansi\AppData\Local\Temp
TEMP=C:\Users\sansi\AppData\Local\Temp



---------------  S Y S T E M  ---------------

OS:
 Windows 10 , 64 bit Build 19041 (10.0.19041.2913)
OS uptime: 5 days 11:14 hours
Hyper-V role detected

CPU: total 8 (initial active 8) (4 cores per cpu, 2 threads per core) family 6 model 140 stepping 1 microcode 0xaa, cx8, cmov, fxsr, ht, mmx, 3dnowpref, sse, sse2, sse3, ssse3, sse4.1, sse4.2, popcnt, lzcnt, tsc, tscinvbit, avx, avx2, aes, erms, clmul, bmi1, bmi2, adx, avx512f, avx512dq, avx512cd, avx512bw, avx512vl, sha, fma, vzeroupper, avx512_vpopcntdq, avx512_vpclmulqdq, avx512_vaes, avx512_vnni, clflush, clflushopt, clwb, avx512_vbmi2, avx512_vbmi, hv, rdtscp, rdpid, fsrm, gfni, avx512_bitalg

Memory: 4k page, system-wide physical 16112M (1298M free)
TotalPageFile size 65264M (AvailPageFile size 842M)
current process WorkingSet (physical memory assigned to process): 94M, peak: 94M
current process commit charge ("private bytes"): 370M, peak: 374M

vm_info: Java HotSpot(TM) 64-Bit Server VM (19.0.1+10-21) for windows-amd64 JRE (19.0.1+10-21), built on 2022-09-14T12:45:06Z by "mach5one" with MS VC++ 17.1 (VS2022)

END.
