#
# There is insufficient memory for the Java Runtime Environment to continue.
# Native memory allocation (malloc) failed to allocate 561104 bytes for Chunk::new
# Possible reasons:
#   The system is out of physical RAM or swap space
#   The process is running with CompressedOops enabled, and the Java Heap may be blocking the growth of the native heap
# Possible solutions:
#   Reduce memory load on the system
#   Increase physical memory or swap space
#   Check if swap backing store is full
#   Decrease Java heap size (-Xmx/-Xms)
#   Decrease number of Java threads
#   Decrease Java thread stack sizes (-Xss)
#   Set larger code cache with -XX:ReservedCodeCacheSize=
#   JVM is running with Zero Based Compressed Oops mode in which the Java heap is
#     placed in the first 32GB address space. The Java Heap base address is the
#     maximum limit for the native heap growth. Please use -XX:HeapBaseMinAddress
#     to set the Java Heap base and to place the Java Heap above 32GB virtual address.
# This output file may be truncated or incomplete.
#
#  Out of Memory Error (arena.cpp:184), pid=9124, tid=37040
#
# JRE version: Java(TM) SE Runtime Environment (19.0.1+10) (build 19.0.1+10-21)
# Java VM: Java HotSpot(TM) 64-Bit Server VM (19.0.1+10-21, mixed mode, sharing, tiered, compressed oops, compressed class ptrs, g1 gc, windows-amd64)
# No core dump will be written. Minidumps are not enabled by default on client versions of Windows
#

---------------  S U M M A R Y ------------

Command Line: -agentpath:C:\Program Files\Palo Alto Networks\Traps\cyjagent.dll c:\tools\antlr-4.11.1-complete.jar -Dlanguage=CSharp -message-format antlr -o c:\temp\Orsted.WindTurbine.DSL\Out -listener -visitor -Xexact-output-dir c:\temp\Orsted.WindTurbine.DSL\Turbine.g4

Host: 11th Gen Intel(R) Core(TM) i5-1135G7 @ 2.40GHz, 8 cores, 15G,  Windows 10 , 64 bit Build 19041 (10.0.19041.2913)
Time: Sat Jul 22 21:59:32 2023 Malay Peninsula Standard Time elapsed time: 1.292489 seconds (0d 0h 0m 1s)

---------------  T H R E A D  ---------------

Current thread (0x000001d4e947f220):  JavaThread "C2 CompilerThread1" daemon [_thread_in_native, id=37040, stack(0x0000000affa00000,0x0000000affb00000)]


Current CompileTask:
C2:   1293 1426       4       org.stringtemplate.v4.Interpreter::writeObjectNoOptions (65 bytes)

Stack: [0x0000000affa00000,0x0000000affb00000]
Native frames: (J=compiled Java code, j=interpreted, Vv=VM code, C=native code)
V  [jvm.dll+0x6ee8fa]
V  [jvm.dll+0x857a1e]
V  [jvm.dll+0x85940e]
V  [jvm.dll+0x859ac3]
V  [jvm.dll+0x28291f]
V  [jvm.dll+0xc9b5f]
V  [jvm.dll+0xc9ee5]
V  [jvm.dll+0x3bcbac]
V  [jvm.dll+0x386201]
V  [jvm.dll+0x38567a]
V  [jvm.dll+0x24c2c9]
V  [jvm.dll+0x24b671]
V  [jvm.dll+0x1d6d61]
V  [jvm.dll+0x25b0fa]
V  [jvm.dll+0x259588]
V  [jvm.dll+0x807928]
V  [jvm.dll+0x8015fa]
V  [jvm.dll+0x6ed5eb]
C  [ucrtbase.dll+0x21bb2]
C  [cyinjct.dll+0x11e7]
C  [KERNEL32.DLL+0x17614]
C  [ntdll.dll+0x526a1]


---------------  P R O C E S S  ---------------

Threads class SMR info:
_java_thread_list=0x000001d4e953fb60, length=14, elements={
0x000001d4c18b97f0, 0x000001d4e4c954b0, 0x000001d4e4c962a0, 0x000001d4e4c9c450,
0x000001d4e4c9e210, 0x000001d4e4ca0c50, 0x000001d4e4ca1580, 0x000001d4e4ca3e00,
0x000001d4e4cb5cb0, 0x000001d4e4cb8240, 0x000001d4e4de0960, 0x000001d4e4de1300,
0x000001d4e947f220, 0x000001d4e9534660
}

Java Threads: ( => current thread )
  0x000001d4c18b97f0 JavaThread "main" [_thread_in_native, id=30800, stack(0x0000000afe700000,0x0000000afe800000)]
  0x000001d4e4c954b0 JavaThread "Reference Handler" daemon [_thread_blocked, id=24452, stack(0x0000000afee00000,0x0000000afef00000)]
  0x000001d4e4c962a0 JavaThread "Finalizer" daemon [_thread_blocked, id=20816, stack(0x0000000afef00000,0x0000000aff000000)]
  0x000001d4e4c9c450 JavaThread "Signal Dispatcher" daemon [_thread_blocked, id=1692, stack(0x0000000aff000000,0x0000000aff100000)]
  0x000001d4e4c9e210 JavaThread "Attach Listener" daemon [_thread_blocked, id=24720, stack(0x0000000aff100000,0x0000000aff200000)]
  0x000001d4e4ca0c50 JavaThread "Service Thread" daemon [_thread_blocked, id=37032, stack(0x0000000aff200000,0x0000000aff300000)]
  0x000001d4e4ca1580 JavaThread "Monitor Deflation Thread" daemon [_thread_blocked, id=33332, stack(0x0000000aff300000,0x0000000aff400000)]
  0x000001d4e4ca3e00 JavaThread "C2 CompilerThread0" daemon [_thread_in_native, id=21500, stack(0x0000000aff400000,0x0000000aff500000)]
  0x000001d4e4cb5cb0 JavaThread "C1 CompilerThread0" daemon [_thread_blocked, id=42852, stack(0x0000000aff500000,0x0000000aff600000)]
  0x000001d4e4cb8240 JavaThread "Sweeper thread" daemon [_thread_blocked, id=39288, stack(0x0000000aff600000,0x0000000aff700000)]
  0x000001d4e4de0960 JavaThread "Notification Thread" daemon [_thread_blocked, id=44172, stack(0x0000000aff700000,0x0000000aff800000)]
  0x000001d4e4de1300 JavaThread "Common-Cleaner" daemon [_thread_blocked, id=26524, stack(0x0000000aff900000,0x0000000affa00000)]
=>0x000001d4e947f220 JavaThread "C2 CompilerThread1" daemon [_thread_in_native, id=37040, stack(0x0000000affa00000,0x0000000affb00000)]
  0x000001d4e9534660 JavaThread "C2 CompilerThread2" daemon [_thread_blocked, id=38412, stack(0x0000000affb00000,0x0000000affc00000)]

Other Threads:
  0x000001d4e4c7a860 VMThread "VM Thread" [stack: 0x0000000afed00000,0x0000000afee00000] [id=37804]
  0x000001d4e4de0ea0 WatcherThread "VM Periodic Task Thread" [stack: 0x0000000aff800000,0x0000000aff900000] [id=26000]
  0x000001d4c1929e10 WorkerThread "GC Thread#0" [stack: 0x0000000afe800000,0x0000000afe900000] [id=20324]
  0x000001d4ea499430 WorkerThread "GC Thread#1" [stack: 0x0000000affc00000,0x0000000affd00000] [id=6700]
  0x000001d4e9a18cf0 WorkerThread "GC Thread#2" [stack: 0x0000000affd00000,0x0000000affe00000] [id=9772]
  0x000001d4ea94e8e0 WorkerThread "GC Thread#3" [stack: 0x0000000affe00000,0x0000000afff00000] [id=7756]
  0x000001d4ea94ebb0 WorkerThread "GC Thread#4" [stack: 0x0000000afff00000,0x0000000b00000000] [id=22684]
  0x000001d4eaa6b010 WorkerThread "GC Thread#5" [stack: 0x0000000a80000000,0x0000000a80100000] [id=33968]
  0x000001d4c193a9f0 ConcurrentGCThread "G1 Main Marker" [stack: 0x0000000afe900000,0x0000000afea00000] [id=34152]
  0x000001d4c193b330 WorkerThread "G1 Conc#0" [stack: 0x0000000afea00000,0x0000000afeb00000] [id=29384]
  0x000001d4c194eb90 ConcurrentGCThread "G1 Refine#0" [stack: 0x0000000afeb00000,0x0000000afec00000] [id=16392]
  0x000001d4e44b16e0 ConcurrentGCThread "G1 Service" [stack: 0x0000000afec00000,0x0000000afed00000] [id=39800]

Threads with active compile tasks:
C2 CompilerThread0     1398 1427   !   4       org.stringtemplate.v4.Interpreter::_exec (2638 bytes)
C2 CompilerThread1     1399 1426       4       org.stringtemplate.v4.Interpreter::writeObjectNoOptions (65 bytes)

VM state: not at safepoint (normal execution)

VM Mutex/Monitor currently owned by a thread: None

Heap address: 0x0000000704200000, size: 4030 MB, Compressed Oops mode: Zero based, Oop shift amount: 3

CDS archive(s) mapped at: [0x0000000800000000-0x0000000800c40000-0x0000000800c40000), size 12845056, SharedBaseAddress: 0x0000000800000000, ArchiveRelocationMode: 0.
Compressed class space mapped at: 0x0000000801000000-0x0000000841000000, reserved size: 1073741824
Narrow klass base: 0x0000000800000000, Narrow klass shift: 0, Narrow klass range: 0x100000000

GC Precious Log:
 CardTable entry size: 512
 Card Set container configuration: InlinePtr #cards 4 size 8 Array Of Cards #cards 16 size 48 Howl #buckets 8 coarsen threshold 3686 Howl Bitmap #cards 512 size 80 coarsen threshold 460 Card regions per heap region 1 cards per card region 4096
 CPUs: 8 total, 8 available
 Memory: 16112M
 Large Page Support: Disabled
 NUMA Support: Disabled
 Compressed Oops: Enabled (Zero based)
 Heap Region Size: 2M
 Heap Min Capacity: 8M
 Heap Initial Capacity: 252M
 Heap Max Capacity: 4030M
 Pre-touch: Disabled
 Parallel Workers: 8
 Concurrent Workers: 2
 Concurrent Refinement Workers: 8
 Periodic GC: Disabled

Heap:
 garbage-first heap   total 258048K, used 12216K [0x0000000704200000, 0x0000000800000000)
  region size 2048K, 6 young (12288K), 2 survivors (4096K)
 Metaspace       used 5125K, committed 5312K, reserved 1114112K
  class space    used 496K, committed 576K, reserved 1048576K

Heap Regions: E=young(eden), S=young(survivor), O=old, HS=humongous(starts), HC=humongous(continues), CS=collection set, F=free, OA=open archive, CA=closed archive, TAMS=top-at-mark-start (previous, next)
|   0|0x0000000704200000, 0x00000007043ee200, 0x0000000704400000| 96%| O|  |TAMS 0x0000000704200000, 0x0000000704200000| Untracked 
|   1|0x0000000704400000, 0x0000000704400000, 0x0000000704600000|  0%| F|  |TAMS 0x0000000704400000, 0x0000000704400000| Untracked 
|   2|0x0000000704600000, 0x0000000704600000, 0x0000000704800000|  0%| F|  |TAMS 0x0000000704600000, 0x0000000704600000| Untracked 
|   3|0x0000000704800000, 0x0000000704800000, 0x0000000704a00000|  0%| F|  |TAMS 0x0000000704800000, 0x0000000704800000| Untracked 
|   4|0x0000000704a00000, 0x0000000704a00000, 0x0000000704c00000|  0%| F|  |TAMS 0x0000000704a00000, 0x0000000704a00000| Untracked 
|   5|0x0000000704c00000, 0x0000000704c00000, 0x0000000704e00000|  0%| F|  |TAMS 0x0000000704c00000, 0x0000000704c00000| Untracked 
|   6|0x0000000704e00000, 0x0000000704e00000, 0x0000000705000000|  0%| F|  |TAMS 0x0000000704e00000, 0x0000000704e00000| Untracked 
|   7|0x0000000705000000, 0x0000000705000000, 0x0000000705200000|  0%| F|  |TAMS 0x0000000705000000, 0x0000000705000000| Untracked 
|   8|0x0000000705200000, 0x0000000705200000, 0x0000000705400000|  0%| F|  |TAMS 0x0000000705200000, 0x0000000705200000| Untracked 
|   9|0x0000000705400000, 0x0000000705400000, 0x0000000705600000|  0%| F|  |TAMS 0x0000000705400000, 0x0000000705400000| Untracked 
|  10|0x0000000705600000, 0x0000000705600000, 0x0000000705800000|  0%| F|  |TAMS 0x0000000705600000, 0x0000000705600000| Untracked 
|  11|0x0000000705800000, 0x0000000705800000, 0x0000000705a00000|  0%| F|  |TAMS 0x0000000705800000, 0x0000000705800000| Untracked 
|  12|0x0000000705a00000, 0x0000000705a00000, 0x0000000705c00000|  0%| F|  |TAMS 0x0000000705a00000, 0x0000000705a00000| Untracked 
|  13|0x0000000705c00000, 0x0000000705c00000, 0x0000000705e00000|  0%| F|  |TAMS 0x0000000705c00000, 0x0000000705c00000| Untracked 
|  14|0x0000000705e00000, 0x0000000705e00000, 0x0000000706000000|  0%| F|  |TAMS 0x0000000705e00000, 0x0000000705e00000| Untracked 
|  15|0x0000000706000000, 0x0000000706000000, 0x0000000706200000|  0%| F|  |TAMS 0x0000000706000000, 0x0000000706000000| Untracked 
|  16|0x0000000706200000, 0x0000000706200000, 0x0000000706400000|  0%| F|  |TAMS 0x0000000706200000, 0x0000000706200000| Untracked 
|  17|0x0000000706400000, 0x0000000706400000, 0x0000000706600000|  0%| F|  |TAMS 0x0000000706400000, 0x0000000706400000| Untracked 
|  18|0x0000000706600000, 0x0000000706600000, 0x0000000706800000|  0%| F|  |TAMS 0x0000000706600000, 0x0000000706600000| Untracked 
|  19|0x0000000706800000, 0x0000000706800000, 0x0000000706a00000|  0%| F|  |TAMS 0x0000000706800000, 0x0000000706800000| Untracked 
|  20|0x0000000706a00000, 0x0000000706a00000, 0x0000000706c00000|  0%| F|  |TAMS 0x0000000706a00000, 0x0000000706a00000| Untracked 
|  21|0x0000000706c00000, 0x0000000706c00000, 0x0000000706e00000|  0%| F|  |TAMS 0x0000000706c00000, 0x0000000706c00000| Untracked 
|  22|0x0000000706e00000, 0x0000000706e00000, 0x0000000707000000|  0%| F|  |TAMS 0x0000000706e00000, 0x0000000706e00000| Untracked 
|  23|0x0000000707000000, 0x0000000707000000, 0x0000000707200000|  0%| F|  |TAMS 0x0000000707000000, 0x0000000707000000| Untracked 
|  24|0x0000000707200000, 0x0000000707200000, 0x0000000707400000|  0%| F|  |TAMS 0x0000000707200000, 0x0000000707200000| Untracked 
|  25|0x0000000707400000, 0x0000000707400000, 0x0000000707600000|  0%| F|  |TAMS 0x0000000707400000, 0x0000000707400000| Untracked 
|  26|0x0000000707600000, 0x0000000707600000, 0x0000000707800000|  0%| F|  |TAMS 0x0000000707600000, 0x0000000707600000| Untracked 
|  27|0x0000000707800000, 0x0000000707800000, 0x0000000707a00000|  0%| F|  |TAMS 0x0000000707800000, 0x0000000707800000| Untracked 
|  28|0x0000000707a00000, 0x0000000707a00000, 0x0000000707c00000|  0%| F|  |TAMS 0x0000000707a00000, 0x0000000707a00000| Untracked 
|  29|0x0000000707c00000, 0x0000000707c00000, 0x0000000707e00000|  0%| F|  |TAMS 0x0000000707c00000, 0x0000000707c00000| Untracked 
|  30|0x0000000707e00000, 0x0000000707e00000, 0x0000000708000000|  0%| F|  |TAMS 0x0000000707e00000, 0x0000000707e00000| Untracked 
|  31|0x0000000708000000, 0x0000000708000000, 0x0000000708200000|  0%| F|  |TAMS 0x0000000708000000, 0x0000000708000000| Untracked 
|  32|0x0000000708200000, 0x0000000708200000, 0x0000000708400000|  0%| F|  |TAMS 0x0000000708200000, 0x0000000708200000| Untracked 
|  33|0x0000000708400000, 0x0000000708400000, 0x0000000708600000|  0%| F|  |TAMS 0x0000000708400000, 0x0000000708400000| Untracked 
|  34|0x0000000708600000, 0x0000000708600000, 0x0000000708800000|  0%| F|  |TAMS 0x0000000708600000, 0x0000000708600000| Untracked 
|  35|0x0000000708800000, 0x0000000708800000, 0x0000000708a00000|  0%| F|  |TAMS 0x0000000708800000, 0x0000000708800000| Untracked 
|  36|0x0000000708a00000, 0x0000000708a00000, 0x0000000708c00000|  0%| F|  |TAMS 0x0000000708a00000, 0x0000000708a00000| Untracked 
|  37|0x0000000708c00000, 0x0000000708c00000, 0x0000000708e00000|  0%| F|  |TAMS 0x0000000708c00000, 0x0000000708c00000| Untracked 
|  38|0x0000000708e00000, 0x0000000708e00000, 0x0000000709000000|  0%| F|  |TAMS 0x0000000708e00000, 0x0000000708e00000| Untracked 
|  39|0x0000000709000000, 0x0000000709000000, 0x0000000709200000|  0%| F|  |TAMS 0x0000000709000000, 0x0000000709000000| Untracked 
|  40|0x0000000709200000, 0x0000000709200000, 0x0000000709400000|  0%| F|  |TAMS 0x0000000709200000, 0x0000000709200000| Untracked 
|  41|0x0000000709400000, 0x0000000709400000, 0x0000000709600000|  0%| F|  |TAMS 0x0000000709400000, 0x0000000709400000| Untracked 
|  42|0x0000000709600000, 0x0000000709600000, 0x0000000709800000|  0%| F|  |TAMS 0x0000000709600000, 0x0000000709600000| Untracked 
|  43|0x0000000709800000, 0x0000000709800000, 0x0000000709a00000|  0%| F|  |TAMS 0x0000000709800000, 0x0000000709800000| Untracked 
|  44|0x0000000709a00000, 0x0000000709a00000, 0x0000000709c00000|  0%| F|  |TAMS 0x0000000709a00000, 0x0000000709a00000| Untracked 
|  45|0x0000000709c00000, 0x0000000709c00000, 0x0000000709e00000|  0%| F|  |TAMS 0x0000000709c00000, 0x0000000709c00000| Untracked 
|  46|0x0000000709e00000, 0x0000000709e00000, 0x000000070a000000|  0%| F|  |TAMS 0x0000000709e00000, 0x0000000709e00000| Untracked 
|  47|0x000000070a000000, 0x000000070a000000, 0x000000070a200000|  0%| F|  |TAMS 0x000000070a000000, 0x000000070a000000| Untracked 
|  48|0x000000070a200000, 0x000000070a200000, 0x000000070a400000|  0%| F|  |TAMS 0x000000070a200000, 0x000000070a200000| Untracked 
|  49|0x000000070a400000, 0x000000070a400000, 0x000000070a600000|  0%| F|  |TAMS 0x000000070a400000, 0x000000070a400000| Untracked 
|  50|0x000000070a600000, 0x000000070a600000, 0x000000070a800000|  0%| F|  |TAMS 0x000000070a600000, 0x000000070a600000| Untracked 
|  51|0x000000070a800000, 0x000000070a800000, 0x000000070aa00000|  0%| F|  |TAMS 0x000000070a800000, 0x000000070a800000| Untracked 
|  52|0x000000070aa00000, 0x000000070aa00000, 0x000000070ac00000|  0%| F|  |TAMS 0x000000070aa00000, 0x000000070aa00000| Untracked 
|  53|0x000000070ac00000, 0x000000070ac00000, 0x000000070ae00000|  0%| F|  |TAMS 0x000000070ac00000, 0x000000070ac00000| Untracked 
|  54|0x000000070ae00000, 0x000000070ae00000, 0x000000070b000000|  0%| F|  |TAMS 0x000000070ae00000, 0x000000070ae00000| Untracked 
|  55|0x000000070b000000, 0x000000070b000000, 0x000000070b200000|  0%| F|  |TAMS 0x000000070b000000, 0x000000070b000000| Untracked 
|  56|0x000000070b200000, 0x000000070b200000, 0x000000070b400000|  0%| F|  |TAMS 0x000000070b200000, 0x000000070b200000| Untracked 
|  57|0x000000070b400000, 0x000000070b400000, 0x000000070b600000|  0%| F|  |TAMS 0x000000070b400000, 0x000000070b400000| Untracked 
|  58|0x000000070b600000, 0x000000070b600000, 0x000000070b800000|  0%| F|  |TAMS 0x000000070b600000, 0x000000070b600000| Untracked 
|  59|0x000000070b800000, 0x000000070b800000, 0x000000070ba00000|  0%| F|  |TAMS 0x000000070b800000, 0x000000070b800000| Untracked 
|  60|0x000000070ba00000, 0x000000070ba00000, 0x000000070bc00000|  0%| F|  |TAMS 0x000000070ba00000, 0x000000070ba00000| Untracked 
|  61|0x000000070bc00000, 0x000000070bc00000, 0x000000070be00000|  0%| F|  |TAMS 0x000000070bc00000, 0x000000070bc00000| Untracked 
|  62|0x000000070be00000, 0x000000070be00000, 0x000000070c000000|  0%| F|  |TAMS 0x000000070be00000, 0x000000070be00000| Untracked 
|  63|0x000000070c000000, 0x000000070c000000, 0x000000070c200000|  0%| F|  |TAMS 0x000000070c000000, 0x000000070c000000| Untracked 
|  64|0x000000070c200000, 0x000000070c200000, 0x000000070c400000|  0%| F|  |TAMS 0x000000070c200000, 0x000000070c200000| Untracked 
|  65|0x000000070c400000, 0x000000070c400000, 0x000000070c600000|  0%| F|  |TAMS 0x000000070c400000, 0x000000070c400000| Untracked 
|  66|0x000000070c600000, 0x000000070c600000, 0x000000070c800000|  0%| F|  |TAMS 0x000000070c600000, 0x000000070c600000| Untracked 
|  67|0x000000070c800000, 0x000000070c800000, 0x000000070ca00000|  0%| F|  |TAMS 0x000000070c800000, 0x000000070c800000| Untracked 
|  68|0x000000070ca00000, 0x000000070ca00000, 0x000000070cc00000|  0%| F|  |TAMS 0x000000070ca00000, 0x000000070ca00000| Untracked 
|  69|0x000000070cc00000, 0x000000070cc00000, 0x000000070ce00000|  0%| F|  |TAMS 0x000000070cc00000, 0x000000070cc00000| Untracked 
|  70|0x000000070ce00000, 0x000000070ce00000, 0x000000070d000000|  0%| F|  |TAMS 0x000000070ce00000, 0x000000070ce00000| Untracked 
|  71|0x000000070d000000, 0x000000070d000000, 0x000000070d200000|  0%| F|  |TAMS 0x000000070d000000, 0x000000070d000000| Untracked 
|  72|0x000000070d200000, 0x000000070d200000, 0x000000070d400000|  0%| F|  |TAMS 0x000000070d200000, 0x000000070d200000| Untracked 
|  73|0x000000070d400000, 0x000000070d400000, 0x000000070d600000|  0%| F|  |TAMS 0x000000070d400000, 0x000000070d400000| Untracked 
|  74|0x000000070d600000, 0x000000070d600000, 0x000000070d800000|  0%| F|  |TAMS 0x000000070d600000, 0x000000070d600000| Untracked 
|  75|0x000000070d800000, 0x000000070d800000, 0x000000070da00000|  0%| F|  |TAMS 0x000000070d800000, 0x000000070d800000| Untracked 
|  76|0x000000070da00000, 0x000000070da00000, 0x000000070dc00000|  0%| F|  |TAMS 0x000000070da00000, 0x000000070da00000| Untracked 
|  77|0x000000070dc00000, 0x000000070dc00000, 0x000000070de00000|  0%| F|  |TAMS 0x000000070dc00000, 0x000000070dc00000| Untracked 
|  78|0x000000070de00000, 0x000000070de00000, 0x000000070e000000|  0%| F|  |TAMS 0x000000070de00000, 0x000000070de00000| Untracked 
|  79|0x000000070e000000, 0x000000070e000000, 0x000000070e200000|  0%| F|  |TAMS 0x000000070e000000, 0x000000070e000000| Untracked 
|  80|0x000000070e200000, 0x000000070e200000, 0x000000070e400000|  0%| F|  |TAMS 0x000000070e200000, 0x000000070e200000| Untracked 
|  81|0x000000070e400000, 0x000000070e400000, 0x000000070e600000|  0%| F|  |TAMS 0x000000070e400000, 0x000000070e400000| Untracked 
|  82|0x000000070e600000, 0x000000070e600000, 0x000000070e800000|  0%| F|  |TAMS 0x000000070e600000, 0x000000070e600000| Untracked 
|  83|0x000000070e800000, 0x000000070e800000, 0x000000070ea00000|  0%| F|  |TAMS 0x000000070e800000, 0x000000070e800000| Untracked 
|  84|0x000000070ea00000, 0x000000070ea00000, 0x000000070ec00000|  0%| F|  |TAMS 0x000000070ea00000, 0x000000070ea00000| Untracked 
|  85|0x000000070ec00000, 0x000000070ec00000, 0x000000070ee00000|  0%| F|  |TAMS 0x000000070ec00000, 0x000000070ec00000| Untracked 
|  86|0x000000070ee00000, 0x000000070ee00000, 0x000000070f000000|  0%| F|  |TAMS 0x000000070ee00000, 0x000000070ee00000| Untracked 
|  87|0x000000070f000000, 0x000000070f000000, 0x000000070f200000|  0%| F|  |TAMS 0x000000070f000000, 0x000000070f000000| Untracked 
|  88|0x000000070f200000, 0x000000070f200000, 0x000000070f400000|  0%| F|  |TAMS 0x000000070f200000, 0x000000070f200000| Untracked 
|  89|0x000000070f400000, 0x000000070f400000, 0x000000070f600000|  0%| F|  |TAMS 0x000000070f400000, 0x000000070f400000| Untracked 
|  90|0x000000070f600000, 0x000000070f600000, 0x000000070f800000|  0%| F|  |TAMS 0x000000070f600000, 0x000000070f600000| Untracked 
|  91|0x000000070f800000, 0x000000070f800000, 0x000000070fa00000|  0%| F|  |TAMS 0x000000070f800000, 0x000000070f800000| Untracked 
|  92|0x000000070fa00000, 0x000000070fa00000, 0x000000070fc00000|  0%| F|  |TAMS 0x000000070fa00000, 0x000000070fa00000| Untracked 
|  93|0x000000070fc00000, 0x000000070fc00000, 0x000000070fe00000|  0%| F|  |TAMS 0x000000070fc00000, 0x000000070fc00000| Untracked 
|  94|0x000000070fe00000, 0x000000070fe00000, 0x0000000710000000|  0%| F|  |TAMS 0x000000070fe00000, 0x000000070fe00000| Untracked 
|  95|0x0000000710000000, 0x0000000710000000, 0x0000000710200000|  0%| F|  |TAMS 0x0000000710000000, 0x0000000710000000| Untracked 
|  96|0x0000000710200000, 0x0000000710200000, 0x0000000710400000|  0%| F|  |TAMS 0x0000000710200000, 0x0000000710200000| Untracked 
|  97|0x0000000710400000, 0x0000000710400000, 0x0000000710600000|  0%| F|  |TAMS 0x0000000710400000, 0x0000000710400000| Untracked 
|  98|0x0000000710600000, 0x0000000710600000, 0x0000000710800000|  0%| F|  |TAMS 0x0000000710600000, 0x0000000710600000| Untracked 
|  99|0x0000000710800000, 0x0000000710800000, 0x0000000710a00000|  0%| F|  |TAMS 0x0000000710800000, 0x0000000710800000| Untracked 
| 100|0x0000000710a00000, 0x0000000710a00000, 0x0000000710c00000|  0%| F|  |TAMS 0x0000000710a00000, 0x0000000710a00000| Untracked 
| 101|0x0000000710c00000, 0x0000000710c00000, 0x0000000710e00000|  0%| F|  |TAMS 0x0000000710c00000, 0x0000000710c00000| Untracked 
| 102|0x0000000710e00000, 0x0000000710e00000, 0x0000000711000000|  0%| F|  |TAMS 0x0000000710e00000, 0x0000000710e00000| Untracked 
| 103|0x0000000711000000, 0x0000000711000000, 0x0000000711200000|  0%| F|  |TAMS 0x0000000711000000, 0x0000000711000000| Untracked 
| 104|0x0000000711200000, 0x0000000711200000, 0x0000000711400000|  0%| F|  |TAMS 0x0000000711200000, 0x0000000711200000| Untracked 
| 105|0x0000000711400000, 0x0000000711400000, 0x0000000711600000|  0%| F|  |TAMS 0x0000000711400000, 0x0000000711400000| Untracked 
| 106|0x0000000711600000, 0x0000000711600000, 0x0000000711800000|  0%| F|  |TAMS 0x0000000711600000, 0x0000000711600000| Untracked 
| 107|0x0000000711800000, 0x0000000711800000, 0x0000000711a00000|  0%| F|  |TAMS 0x0000000711800000, 0x0000000711800000| Untracked 
| 108|0x0000000711a00000, 0x0000000711a00000, 0x0000000711c00000|  0%| F|  |TAMS 0x0000000711a00000, 0x0000000711a00000| Untracked 
| 109|0x0000000711c00000, 0x0000000711c00000, 0x0000000711e00000|  0%| F|  |TAMS 0x0000000711c00000, 0x0000000711c00000| Untracked 
| 110|0x0000000711e00000, 0x0000000711e00000, 0x0000000712000000|  0%| F|  |TAMS 0x0000000711e00000, 0x0000000711e00000| Untracked 
| 111|0x0000000712000000, 0x0000000712000000, 0x0000000712200000|  0%| F|  |TAMS 0x0000000712000000, 0x0000000712000000| Untracked 
| 112|0x0000000712200000, 0x0000000712200000, 0x0000000712400000|  0%| F|  |TAMS 0x0000000712200000, 0x0000000712200000| Untracked 
| 113|0x0000000712400000, 0x0000000712600000, 0x0000000712600000|100%| S|CS|TAMS 0x0000000712400000, 0x0000000712400000| Complete 
| 114|0x0000000712600000, 0x0000000712800000, 0x0000000712800000|100%| S|CS|TAMS 0x0000000712600000, 0x0000000712600000| Complete 
| 115|0x0000000712800000, 0x0000000712800000, 0x0000000712a00000|  0%| F|  |TAMS 0x0000000712800000, 0x0000000712800000| Untracked 
| 116|0x0000000712a00000, 0x0000000712a00000, 0x0000000712c00000|  0%| F|  |TAMS 0x0000000712a00000, 0x0000000712a00000| Untracked 
| 117|0x0000000712c00000, 0x0000000712c00000, 0x0000000712e00000|  0%| F|  |TAMS 0x0000000712c00000, 0x0000000712c00000| Untracked 
| 118|0x0000000712e00000, 0x0000000712e00000, 0x0000000713000000|  0%| F|  |TAMS 0x0000000712e00000, 0x0000000712e00000| Untracked 
| 119|0x0000000713000000, 0x0000000713000000, 0x0000000713200000|  0%| F|  |TAMS 0x0000000713000000, 0x0000000713000000| Untracked 
| 120|0x0000000713200000, 0x0000000713200000, 0x0000000713400000|  0%| F|  |TAMS 0x0000000713200000, 0x0000000713200000| Untracked 
| 121|0x0000000713400000, 0x0000000713400000, 0x0000000713600000|  0%| F|  |TAMS 0x0000000713400000, 0x0000000713400000| Untracked 
| 122|0x0000000713600000, 0x000000071370d620, 0x0000000713800000| 52%| E|  |TAMS 0x0000000713600000, 0x0000000713600000| Complete 
| 123|0x0000000713800000, 0x0000000713a00000, 0x0000000713a00000|100%| E|CS|TAMS 0x0000000713800000, 0x0000000713800000| Complete 
| 124|0x0000000713a00000, 0x0000000713c00000, 0x0000000713c00000|100%| E|CS|TAMS 0x0000000713a00000, 0x0000000713a00000| Complete 
| 125|0x0000000713c00000, 0x0000000713e00000, 0x0000000713e00000|100%| E|CS|TAMS 0x0000000713c00000, 0x0000000713c00000| Complete 

Card table byte_map: [0x000001d4d9420000,0x000001d4d9c00000] _byte_map_base: 0x000001d4d5bff000

Marking Bits (Prev, Next): (CMBitMap*) 0x000001d4c192a350, (CMBitMap*) 0x000001d4c192a390
 Prev Bits: [0x000001d4da3e0000, 0x000001d4de2d8000)
 Next Bits: [0x000001d4de2e0000, 0x000001d4e21d8000)

Polling page: 0x000001d4bf840000

Metaspace:

Usage:
  Non-class:      4.52 MB used.
      Class:    497.38 KB used.
       Both:      5.01 MB used.

Virtual space:
  Non-class space:       64.00 MB reserved,       4.62 MB (  7%) committed,  1 nodes.
      Class space:        1.00 GB reserved,     576.00 KB ( <1%) committed,  1 nodes.
             Both:        1.06 GB reserved,       5.19 MB ( <1%) committed. 

Chunk freelists:
   Non-Class:  1.04 MB
       Class:  3.32 MB
        Both:  4.37 MB

MaxMetaspaceSize: unlimited
CompressedClassSpaceSize: 1.00 GB
Initial GC threshold: 21.00 MB
Current GC threshold: 21.00 MB
CDS: on
MetaspaceReclaimPolicy: balanced
 - commit_granule_bytes: 65536.
 - commit_granule_words: 8192.
 - virtual_space_node_default_size: 8388608.
 - enlarge_chunks_in_place: 1.
 - new_chunks_are_fully_committed: 0.
 - uncommit_free_chunks: 1.
 - use_allocation_guard: 0.


Internal statistics:

num_allocs_failed_limit: 0.
num_arena_births: 146.
num_arena_deaths: 0.
num_vsnodes_births: 2.
num_vsnodes_deaths: 0.
num_space_committed: 83.
num_space_uncommitted: 0.
num_chunks_returned_to_freelist: 0.
num_chunks_taken_from_freelist: 300.
num_chunk_merges: 0.
num_chunk_splits: 206.
num_chunks_enlarged: 151.
num_inconsistent_stats: 0.

CodeHeap 'non-profiled nmethods': size=120000Kb used=658Kb max_used=658Kb free=119342Kb
 bounds [0x000001d4d12c0000, 0x000001d4d1530000, 0x000001d4d87f0000]
CodeHeap 'profiled nmethods': size=120000Kb used=3455Kb max_used=3455Kb free=116544Kb
 bounds [0x000001d4c97f0000, 0x000001d4c9b50000, 0x000001d4d0d20000]
CodeHeap 'non-nmethods': size=5760Kb used=1229Kb max_used=1269Kb free=4531Kb
 bounds [0x000001d4d0d20000, 0x000001d4d0f90000, 0x000001d4d12c0000]
 total_blobs=1872 nmethods=1458 adapters=325
 compilation: enabled
              stopped_count=0, restarted_count=0
 full_count=0

Compilation events (20 events):
Event: 1.200 Thread 0x000001d4e4cb5cb0 1431       1       jdk.internal.loader.AbstractClassLoaderValue$Sub::parent (5 bytes)
Event: 1.200 Thread 0x000001d4e4cb5cb0 nmethod 1431 0x000001d4d1352210 code [0x000001d4d13523a0, 0x000001d4d1352478]
Event: 1.200 Thread 0x000001d4e4cb5cb0 1432       3       java.lang.reflect.Modifier::isFinal (13 bytes)
Event: 1.200 Thread 0x000001d4e4cb5cb0 nmethod 1432 0x000001d4c9b43510 code [0x000001d4c9b436a0, 0x000001d4c9b437f8]
Event: 1.219 Thread 0x000001d4e4ca3e00 nmethod 1411 0x000001d4d1352510 code [0x000001d4d13528c0, 0x000001d4d1353d70]
Event: 1.219 Thread 0x000001d4e4ca3e00 1425       4       java.io.BufferedWriter::growIfNeeded (63 bytes)
Event: 1.224 Thread 0x000001d4e4ca3e00 nmethod 1425 0x000001d4d1355110 code [0x000001d4d13552a0, 0x000001d4d1355478]
Event: 1.224 Thread 0x000001d4e4ca3e00 1427   !   4       org.stringtemplate.v4.Interpreter::_exec (2638 bytes)
Event: 1.241 Thread 0x000001d4e947f220 nmethod 1416 0x000001d4d1355590 code [0x000001d4d13558c0, 0x000001d4d13576a8]
Event: 1.241 Thread 0x000001d4e947f220 1428       4       java.lang.Integer::getChars (121 bytes)
Event: 1.249 Thread 0x000001d4e947f220 nmethod 1428 0x000001d4d1358b10 code [0x000001d4d1358ca0, 0x000001d4d1359178]
Event: 1.249 Thread 0x000001d4e947f220 1426       4       org.stringtemplate.v4.Interpreter::writeObjectNoOptions (65 bytes)
Event: 1.270 Thread 0x000001d4e4cb5cb0 1433  s    3       java.lang.Throwable::fillInStackTrace (29 bytes)
Event: 1.271 Thread 0x000001d4e4cb5cb0 nmethod 1433 0x000001d4c9b43890 code [0x000001d4c9b43a40, 0x000001d4c9b43d48]
Event: 1.271 Thread 0x000001d4e4cb5cb0 1435       3       java.lang.Class::getMethod0 (31 bytes)
Event: 1.271 Thread 0x000001d4e4cb5cb0 nmethod 1435 0x000001d4c9b43e10 code [0x000001d4c9b43fe0, 0x000001d4c9b44218]
Event: 1.276 Thread 0x000001d4e4cb5cb0 1436       3       org.stringtemplate.v4.Interpreter::testAttributeTrue (112 bytes)
Event: 1.278 Thread 0x000001d4e4cb5cb0 nmethod 1436 0x000001d4c9b44310 code [0x000001d4c9b445c0, 0x000001d4c9b458a8]
Event: 1.278 Thread 0x000001d4e4cb5cb0 1437       3       java.lang.invoke.DirectMethodHandle$Holder::getReference (28 bytes)
Event: 1.279 Thread 0x000001d4e4cb5cb0 nmethod 1437 0x000001d4c9b45b10 code [0x000001d4c9b45ce0, 0x000001d4c9b46368]

GC Heap History (2 events):
Event: 0.782 GC heap before
{Heap before GC invocations=0 (full 0):
 garbage-first heap   total 258048K, used 20480K [0x0000000704200000, 0x0000000800000000)
  region size 2048K, 11 young (22528K), 0 survivors (0K)
 Metaspace       used 4528K, committed 4736K, reserved 1114112K
  class space    used 455K, committed 576K, reserved 1048576K
}
Event: 0.806 GC heap after
{Heap after GC invocations=1 (full 0):
 garbage-first heap   total 258048K, used 6072K [0x0000000704200000, 0x0000000800000000)
  region size 2048K, 2 young (4096K), 2 survivors (4096K)
 Metaspace       used 4528K, committed 4736K, reserved 1114112K
  class space    used 455K, committed 576K, reserved 1048576K
}

Dll operation events (6 events):
Event: 0.019 Loaded shared library C:\tools\jdk-19.0.1\bin\java.dll
Event: 0.046 Loaded shared library C:\tools\jdk-19.0.1\bin\jsvml.dll
Event: 0.109 Loaded shared library C:\tools\jdk-19.0.1\bin\net.dll
Event: 0.113 Loaded shared library C:\tools\jdk-19.0.1\bin\nio.dll
Event: 0.120 Loaded shared library C:\tools\jdk-19.0.1\bin\zip.dll
Event: 0.185 Loaded shared library C:\tools\jdk-19.0.1\bin\jimage.dll

Deoptimization events (20 events):
Event: 1.028 Thread 0x000001d4c18b97f0 DEOPT PACKING pc=0x000001d4d133cca4 sp=0x0000000afe7fe380
Event: 1.028 Thread 0x000001d4c18b97f0 DEOPT UNPACKING pc=0x000001d4d0d8a5a3 sp=0x0000000afe7fe258 mode 2
Event: 1.034 Thread 0x000001d4c18b97f0 Uncommon trap: trap_request=0xffffffde fr.pc=0x000001d4d1334164 relative=0x0000000000000744
Event: 1.034 Thread 0x000001d4c18b97f0 Uncommon trap: reason=class_check action=maybe_recompile pc=0x000001d4d1334164 method=org.stringtemplate.v4.AutoIndentWriter.write(Ljava/lang/String;)I @ 128 c2
Event: 1.035 Thread 0x000001d4c18b97f0 DEOPT PACKING pc=0x000001d4d1334164 sp=0x0000000afe7fe260
Event: 1.035 Thread 0x000001d4c18b97f0 DEOPT UNPACKING pc=0x000001d4d0d8a5a3 sp=0x0000000afe7fe230 mode 2
Event: 1.048 Thread 0x000001d4c18b97f0 DEOPT PACKING pc=0x000001d4c983d2d7 sp=0x0000000afe7fd6e0
Event: 1.048 Thread 0x000001d4c18b97f0 DEOPT UNPACKING pc=0x000001d4d0d8b0e3 sp=0x0000000afe7fcb60 mode 0
Event: 1.053 Thread 0x000001d4c18b97f0 Uncommon trap: trap_request=0xffffffc6 fr.pc=0x000001d4d1328cf0 relative=0x0000000000000850
Event: 1.053 Thread 0x000001d4c18b97f0 Uncommon trap: reason=bimorphic_or_optimized_type_check action=maybe_recompile pc=0x000001d4d1328cf0 method=java.util.HashMap.putVal(ILjava/lang/Object;Ljava/lang/Object;ZZ)Ljava/lang/Object; @ 91 c2
Event: 1.053 Thread 0x000001d4c18b97f0 DEOPT PACKING pc=0x000001d4d1328cf0 sp=0x0000000afe7fe530
Event: 1.053 Thread 0x000001d4c18b97f0 DEOPT UNPACKING pc=0x000001d4d0d8a5a3 sp=0x0000000afe7fe4c0 mode 2
Event: 1.062 Thread 0x000001d4c18b97f0 Uncommon trap: trap_request=0xffffffde fr.pc=0x000001d4d1328d1c relative=0x000000000000087c
Event: 1.062 Thread 0x000001d4c18b97f0 Uncommon trap: reason=class_check action=maybe_recompile pc=0x000001d4d1328d1c method=java.util.HashMap.putVal(ILjava/lang/Object;Ljava/lang/Object;ZZ)Ljava/lang/Object; @ 203 c2
Event: 1.062 Thread 0x000001d4c18b97f0 DEOPT PACKING pc=0x000001d4d1328d1c sp=0x0000000afe7fea20
Event: 1.062 Thread 0x000001d4c18b97f0 DEOPT UNPACKING pc=0x000001d4d0d8a5a3 sp=0x0000000afe7fe9b0 mode 2
Event: 1.062 Thread 0x000001d4c18b97f0 Uncommon trap: trap_request=0xffffffc6 fr.pc=0x000001d4d1328cf0 relative=0x0000000000000850
Event: 1.062 Thread 0x000001d4c18b97f0 Uncommon trap: reason=bimorphic_or_optimized_type_check action=maybe_recompile pc=0x000001d4d1328cf0 method=java.util.HashMap.putVal(ILjava/lang/Object;Ljava/lang/Object;ZZ)Ljava/lang/Object; @ 91 c2
Event: 1.062 Thread 0x000001d4c18b97f0 DEOPT PACKING pc=0x000001d4d1328cf0 sp=0x0000000afe7fea20
Event: 1.062 Thread 0x000001d4c18b97f0 DEOPT UNPACKING pc=0x000001d4d0d8a5a3 sp=0x0000000afe7fe9b0 mode 2

Classes loaded (20 events):
Event: 0.752 Loading class java/lang/reflect/ProxyGenerator$ProxyMethod
Event: 0.752 Loading class java/lang/reflect/ProxyGenerator$ProxyMethod done
Event: 0.756 Loading class java/lang/reflect/ProxyGenerator$PrimitiveTypeInfo
Event: 0.756 Loading class java/lang/reflect/ProxyGenerator$PrimitiveTypeInfo done
Event: 0.757 Loading class jdk/internal/org/objectweb/asm/Edge
Event: 0.757 Loading class jdk/internal/org/objectweb/asm/Edge done
Event: 0.759 Loading class java/lang/reflect/Proxy$ProxyBuilder$1
Event: 0.759 Loading class java/lang/reflect/Proxy$ProxyBuilder$1 done
Event: 0.761 Loading class java/lang/reflect/UndeclaredThrowableException
Event: 0.761 Loading class java/lang/reflect/UndeclaredThrowableException done
Event: 0.763 Loading class java/lang/Deprecated
Event: 0.763 Loading class java/lang/Deprecated done
Event: 0.763 Loading class java/lang/annotation/Documented
Event: 0.764 Loading class java/lang/annotation/Documented done
Event: 0.764 Loading class java/lang/annotation/Target
Event: 0.764 Loading class java/lang/annotation/Target done
Event: 0.898 Loading class java/io/FileNotFoundException
Event: 0.898 Loading class java/io/FileNotFoundException done
Event: 1.165 Loading class jdk/internal/reflect/MethodHandleIntegerFieldAccessorImpl
Event: 1.165 Loading class jdk/internal/reflect/MethodHandleIntegerFieldAccessorImpl done

Classes unloaded (0 events):
No events

Classes redefined (1 events):
Event: 0.095 Thread 0x000001d4e4c7a860 redefined class name=java.io.FileOutputStream, count=1

Internal exceptions (6 events):
Event: 0.248 Thread 0x000001d4c18b97f0 Exception <a 'java/lang/NoSuchMethodError'{0x00000007136136a0}: 'void java.lang.invoke.Invokers$Holder.invokeExact_MT(java.lang.Object, java.lang.Object, java.lang.Object, java.lang.Object)'> (0x00000007136136a0) 
thrown [s\open\src\hotspot\share\interpreter\linkResolver.cpp, line 774]
Event: 0.249 Thread 0x000001d4c18b97f0 Exception <a 'java/lang/NoSuchMethodError'{0x000000071361a048}: 'int java.lang.invoke.DirectMethodHandle$Holder.invokeSpecial(java.lang.Object, java.lang.Object, java.lang.Object)'> (0x000000071361a048) 
thrown [s\open\src\hotspot\share\interpreter\linkResolver.cpp, line 774]
Event: 0.251 Thread 0x000001d4c18b97f0 Exception <a 'java/lang/NoSuchMethodError'{0x0000000713625040}: 'void java.lang.invoke.DelegatingMethodHandle$Holder.reinvoke_L(java.lang.Object, java.lang.Object, int)'> (0x0000000713625040) 
thrown [s\open\src\hotspot\share\interpreter\linkResolver.cpp, line 774]
Event: 1.165 Thread 0x000001d4c18b97f0 Exception <a 'java/lang/NoSuchMethodError'{0x000000071389bf48}: 'int java.lang.invoke.Invokers$Holder.invokeExact_MT(java.lang.Object, java.lang.Object, java.lang.Object)'> (0x000000071389bf48) 
thrown [s\open\src\hotspot\share\interpreter\linkResolver.cpp, line 774]
Event: 1.186 Thread 0x000001d4c18b97f0 Exception <a 'java/lang/NoSuchMethodError'{0x0000000713927a40}: 'long java.lang.invoke.DirectMethodHandle$Holder.invokeSpecial(java.lang.Object, java.lang.Object)'> (0x0000000713927a40) 
thrown [s\open\src\hotspot\share\interpreter\linkResolver.cpp, line 774]
Event: 1.186 Thread 0x000001d4c18b97f0 Exception <a 'java/lang/NoSuchMethodError'{0x000000071392bda8}: 'long java.lang.invoke.DelegatingMethodHandle$Holder.reinvoke_L(java.lang.Object, java.lang.Object)'> (0x000000071392bda8) 
thrown [s\open\src\hotspot\share\interpreter\linkResolver.cpp, line 774]

VM Operations (20 events):
Event: 0.095 Executing VM operation: RedefineClasses
Event: 0.095 Executing VM operation: RedefineClasses done
Event: 0.121 Executing VM operation: HandshakeAllThreads
Event: 0.121 Executing VM operation: HandshakeAllThreads done
Event: 0.315 Executing VM operation: HandshakeAllThreads
Event: 0.315 Executing VM operation: HandshakeAllThreads done
Event: 0.353 Executing VM operation: HandshakeAllThreads
Event: 0.353 Executing VM operation: HandshakeAllThreads done
Event: 0.354 Executing VM operation: HandshakeAllThreads
Event: 0.354 Executing VM operation: HandshakeAllThreads done
Event: 0.398 Executing VM operation: HandshakeAllThreads
Event: 0.399 Executing VM operation: HandshakeAllThreads done
Event: 0.481 Executing VM operation: ICBufferFull
Event: 0.481 Executing VM operation: ICBufferFull done
Event: 0.782 Executing VM operation: G1CollectForAllocation
Event: 0.806 Executing VM operation: G1CollectForAllocation done
Event: 1.024 Executing VM operation: HandshakeAllThreads
Event: 1.024 Executing VM operation: HandshakeAllThreads done
Event: 1.115 Executing VM operation: HandshakeAllThreads
Event: 1.115 Executing VM operation: HandshakeAllThreads done

Events (14 events):
Event: 0.046 Thread 0x000001d4c18b97f0 Thread added: 0x000001d4c18b97f0
Event: 0.069 Thread 0x000001d4e4c954b0 Thread added: 0x000001d4e4c954b0
Event: 0.069 Thread 0x000001d4e4c962a0 Thread added: 0x000001d4e4c962a0
Event: 0.070 Thread 0x000001d4e4c9c450 Thread added: 0x000001d4e4c9c450
Event: 0.070 Thread 0x000001d4e4c9e210 Thread added: 0x000001d4e4c9e210
Event: 0.070 Thread 0x000001d4e4ca0c50 Thread added: 0x000001d4e4ca0c50
Event: 0.070 Thread 0x000001d4e4ca1580 Thread added: 0x000001d4e4ca1580
Event: 0.070 Thread 0x000001d4e4ca3e00 Thread added: 0x000001d4e4ca3e00
Event: 0.070 Thread 0x000001d4e4cb5cb0 Thread added: 0x000001d4e4cb5cb0
Event: 0.071 Thread 0x000001d4e4cb8240 Thread added: 0x000001d4e4cb8240
Event: 0.096 Thread 0x000001d4e4de0960 Thread added: 0x000001d4e4de0960
Event: 0.101 Thread 0x000001d4e4de1300 Thread added: 0x000001d4e4de1300
Event: 0.391 Thread 0x000001d4e947f220 Thread added: 0x000001d4e947f220
Event: 0.509 Thread 0x000001d4e9534660 Thread added: 0x000001d4e9534660


Dynamic libraries:
0x00007ff6a3280000 - 0x00007ff6a3290000 	C:\tools\jdk-19.0.1\bin\java.exe
0x00007ffbe1630000 - 0x00007ffbe1828000 	C:\WINDOWS\SYSTEM32\ntdll.dll
0x00007ffbe1390000 - 0x00007ffbe144f000 	C:\WINDOWS\System32\KERNEL32.DLL
0x00007ffbe1090000 - 0x00007ffbe1386000 	C:\WINDOWS\System32\KERNELBASE.dll
0x000000003f080000 - 0x000000003f0bb000 	C:\WINDOWS\System32\cyinjct.dll
0x00007ffbe0f10000 - 0x00007ffbe0f1c000 	C:\WINDOWS\System32\ntnativeapi.dll
0x00007ffbd8990000 - 0x00007ffbd89a8000 	C:\tools\jdk-19.0.1\bin\jli.dll
0x00007ffbe0300000 - 0x00007ffbe03af000 	C:\WINDOWS\System32\ADVAPI32.dll
0x00007ffbe0040000 - 0x00007ffbe00de000 	C:\WINDOWS\System32\msvcrt.dll
0x00007ffbe0890000 - 0x00007ffbe092c000 	C:\WINDOWS\System32\sechost.dll
0x00007ffbe0f60000 - 0x00007ffbe1086000 	C:\WINDOWS\System32\RPCRT4.dll
0x000001d4bf410000 - 0x000001d4bf5ad000 	C:\WINDOWS\System32\USER32.dll
0x00007ffbdedd0000 - 0x00007ffbdedf2000 	C:\WINDOWS\System32\win32u.dll
0x00007ffbe0780000 - 0x00007ffbe07ac000 	C:\WINDOWS\System32\GDI32.dll
0x00007ffbdf000000 - 0x00007ffbdf115000 	C:\WINDOWS\System32\gdi32full.dll
0x00007ffbdef60000 - 0x00007ffbdeffd000 	C:\WINDOWS\System32\msvcp_win.dll
0x000001d4bf5b0000 - 0x000001d4bf6b0000 	C:\WINDOWS\System32\ucrtbase.dll
0x00007ffbd2760000 - 0x00007ffbd277b000 	C:\tools\jdk-19.0.1\bin\VCRUNTIME140.dll
0x00007ffbbf3d0000 - 0x00007ffbbf66a000 	C:\WINDOWS\WinSxS\amd64_microsoft.windows.common-controls_6595b64144ccf1df_6.0.19041.1110_none_60b5254171f9507e\COMCTL32.dll
0x00007ffbd17d0000 - 0x00007ffbd17da000 	C:\WINDOWS\SYSTEM32\VERSION.dll
0x00007ffbe0ef0000 - 0x00007ffbe0f0e000 	C:\WINDOWS\System32\cyvera.dll
0x00007ffbe0e80000 - 0x00007ffbe0ee9000 	C:\WINDOWS\System32\cyvrtrap.dll
0x00007ffbdf270000 - 0x00007ffbdf2a0000 	C:\WINDOWS\System32\IMM32.DLL
0x00007ffbde430000 - 0x00007ffbde53f000 	C:\Program Files\Avecto\Privilege Guard Client\PGHook.dll
0x00007ffbbe970000 - 0x00007ffbbe97c000 	C:\tools\jdk-19.0.1\bin\vcruntime140_1.dll
0x00007ffb8d2a0000 - 0x00007ffb8d32e000 	C:\tools\jdk-19.0.1\bin\msvcp140.dll
0x00007ffb0ba40000 - 0x00007ffb0c700000 	C:\tools\jdk-19.0.1\bin\server\jvm.dll
0x00007ffbadd90000 - 0x00007ffbadd99000 	C:\WINDOWS\SYSTEM32\WSOCK32.dll
0x00007ffbe0710000 - 0x00007ffbe077b000 	C:\WINDOWS\System32\WS2_32.dll
0x00007ffbce850000 - 0x00007ffbce877000 	C:\WINDOWS\SYSTEM32\WINMM.dll
0x00007ffbdd5b0000 - 0x00007ffbdd5c2000 	C:\WINDOWS\SYSTEM32\kernel.appcore.dll
0x00007ffbbe370000 - 0x00007ffbbe37a000 	C:\tools\jdk-19.0.1\bin\jimage.dll
0x00007ffbdce50000 - 0x00007ffbdd034000 	C:\WINDOWS\SYSTEM32\DBGHELP.DLL
0x00007ffbb5c00000 - 0x00007ffbb5c34000 	C:\WINDOWS\SYSTEM32\dbgcore.DLL
0x00007ffbdf1e0000 - 0x00007ffbdf262000 	C:\WINDOWS\System32\bcryptPrimitives.dll
0x00007ffbe0e40000 - 0x00007ffbe0e77000 	C:\Program Files\Palo Alto Networks\Traps\cyjagent.dll
0x00007ffbbaf50000 - 0x00007ffbbaf76000 	C:\tools\jdk-19.0.1\bin\java.dll
0x00007ffb81c10000 - 0x00007ffb81ce7000 	C:\tools\jdk-19.0.1\bin\jsvml.dll
0x00007ffbdf460000 - 0x00007ffbdfba4000 	C:\WINDOWS\System32\SHELL32.dll
0x00007ffbdc5e0000 - 0x00007ffbdcd73000 	C:\WINDOWS\SYSTEM32\windows.storage.dll
0x00007ffbe03b0000 - 0x00007ffbe0704000 	C:\WINDOWS\System32\combase.dll
0x00007ffbde3e0000 - 0x00007ffbde40e000 	C:\WINDOWS\SYSTEM32\Wldp.dll
0x00007ffbe0cc0000 - 0x00007ffbe0d6d000 	C:\WINDOWS\System32\SHCORE.dll
0x00007ffbe00e0000 - 0x00007ffbe0135000 	C:\WINDOWS\System32\shlwapi.dll
0x00007ffbdeb30000 - 0x00007ffbdeb4f000 	C:\WINDOWS\SYSTEM32\profapi.dll
0x00007ffbbe350000 - 0x00007ffbbe363000 	C:\tools\jdk-19.0.1\bin\net.dll
0x00007ffbdda20000 - 0x00007ffbddb2a000 	C:\WINDOWS\SYSTEM32\WINHTTP.dll
0x00007ffbde1d0000 - 0x00007ffbde23a000 	C:\WINDOWS\system32\mswsock.dll
0x00007ffbbaf30000 - 0x00007ffbbaf46000 	C:\tools\jdk-19.0.1\bin\nio.dll
0x00007ffb9e2e0000 - 0x00007ffb9e2f8000 	C:\tools\jdk-19.0.1\bin\zip.dll

dbghelp: loaded successfully - version: 4.0.5 - missing functions: none
symbol engine: initialized successfully - sym options: 0x614 - pdb path: .;C:\tools\jdk-19.0.1\bin;C:\WINDOWS\SYSTEM32;C:\WINDOWS\WinSxS\amd64_microsoft.windows.common-controls_6595b64144ccf1df_6.0.19041.1110_none_60b5254171f9507e;C:\Program Files\Avecto\Privilege Guard Client;C:\tools\jdk-19.0.1\bin\server;C:\Program Files\Palo Alto Networks\Traps

VM Arguments:
jvm_args: -agentpath:C:\Program Files\Palo Alto Networks\Traps\cyjagent.dll 
java_command: c:\tools\antlr-4.11.1-complete.jar -Dlanguage=CSharp -message-format antlr -o c:\temp\Orsted.WindTurbine.DSL\Out -listener -visitor -Xexact-output-dir c:\temp\Orsted.WindTurbine.DSL\Turbine.g4
java_class_path (initial): c:\tools\antlr-4.11.1-complete.jar
Launcher Type: SUN_STANDARD

[Global flags]
     intx CICompilerCount                          = 4                                         {product} {ergonomic}
     uint ConcGCThreads                            = 2                                         {product} {ergonomic}
     uint G1ConcRefinementThreads                  = 8                                         {product} {ergonomic}
   size_t G1HeapRegionSize                         = 2097152                                   {product} {ergonomic}
    uintx GCDrainStackTargetSize                   = 64                                        {product} {ergonomic}
   size_t InitialHeapSize                          = 264241152                                 {product} {ergonomic}
   size_t MarkStackSize                            = 4194304                                   {product} {ergonomic}
   size_t MaxHeapSize                              = 4225761280                                {product} {ergonomic}
   size_t MaxNewSize                               = 2535456768                                {product} {ergonomic}
   size_t MinHeapDeltaBytes                        = 2097152                                   {product} {ergonomic}
   size_t MinHeapSize                              = 8388608                                   {product} {ergonomic}
    uintx NonNMethodCodeHeapSize                   = 5839372                                {pd product} {ergonomic}
    uintx NonProfiledCodeHeapSize                  = 122909434                              {pd product} {ergonomic}
    uintx ProfiledCodeHeapSize                     = 122909434                              {pd product} {ergonomic}
    uintx ReservedCodeCacheSize                    = 251658240                              {pd product} {ergonomic}
     bool SegmentedCodeCache                       = true                                      {product} {ergonomic}
   size_t SoftMaxHeapSize                          = 4225761280                             {manageable} {ergonomic}
     bool UseCompressedClassPointers               = true                           {product lp64_product} {ergonomic}
     bool UseCompressedOops                        = true                           {product lp64_product} {ergonomic}
     bool UseG1GC                                  = true                                      {product} {ergonomic}
     bool UseLargePagesIndividualAllocation        = false                                  {pd product} {ergonomic}

Logging:
Log output configuration:
 #0: stdout all=warning uptime,level,tags foldmultilines=false
 #1: stderr all=off uptime,level,tags foldmultilines=false

Environment Variables:
JAVA_HOME=C:\tools\jdk-19.0.1
PATH=C:\Program Files (x86)\Microsoft SDKs\Azure\CLI2\wbin;C:\WINDOWS\CCM\;C:\WINDOWS\system32;C:\WINDOWS;C:\WINDOWS\System32\Wbem;C:\WINDOWS\System32\WindowsPowerShell\v1.0\;C:\WINDOWS\System32\OpenSSH\;C:\WINDOWS\system32\config\systemprofile\AppData\Local\Microsoft\WindowsApps;C:\Program Files\Azure Data Studio\bin;C:\Program Files\Git\cmd;C:\Program Files\nodejs\;C:\Program Files\Microsoft SQL Server\150\Tools\Binn\;C:\Program Files\dotnet\;C:\Program Files\Microsoft SQL Server\Client SDK\ODBC\170\Tools\Binn\;C:\Program Files\Microsoft\Azure Functions Core Tools\;C:\WINDOWS\system32\config\systemprofile\AppData\Roaming\npm;C:\Program Files\Microsoft VS Code\bin;C:\WINDOWS\system32\config\systemprofile\.dotnet\tools;C:\Users\sansi\AppData\Roaming\npm;C:\tools\jdk-19.0.1\bin;C:\Users\sansi\AppData\Local\GitHubDesktop\bin;C:\Users\sansi\AppData\Local\Programs\Microsoft VS Code\bin;C:\Users\sansi\AppData\Local\Programs\Lens\resources\cli\bin;C:\Users\sansi\.dotnet\tools
USERNAME=SANSI
OS=Windows_NT
PROCESSOR_IDENTIFIER=Intel64 Family 6 Model 140 Stepping 1, GenuineIntel
TMP=C:\Users\sansi\AppData\Local\Temp
TEMP=C:\Users\sansi\AppData\Local\Temp



---------------  S Y S T E M  ---------------

OS:
 Windows 10 , 64 bit Build 19041 (10.0.19041.2913)
OS uptime: 5 days 11:14 hours
Hyper-V role detected

CPU: total 8 (initial active 8) (4 cores per cpu, 2 threads per core) family 6 model 140 stepping 1 microcode 0xaa, cx8, cmov, fxsr, ht, mmx, 3dnowpref, sse, sse2, sse3, ssse3, sse4.1, sse4.2, popcnt, lzcnt, tsc, tscinvbit, avx, avx2, aes, erms, clmul, bmi1, bmi2, adx, avx512f, avx512dq, avx512cd, avx512bw, avx512vl, sha, fma, vzeroupper, avx512_vpopcntdq, avx512_vpclmulqdq, avx512_vaes, avx512_vnni, clflush, clflushopt, clwb, avx512_vbmi2, avx512_vbmi, hv, rdtscp, rdpid, fsrm, gfni, avx512_bitalg

Memory: 4k page, system-wide physical 16112M (774M free)
TotalPageFile size 65264M (AvailPageFile size 3M)
current process WorkingSet (physical memory assigned to process): 97M, peak: 97M
current process commit charge ("private bytes"): 373M, peak: 375M

vm_info: Java HotSpot(TM) 64-Bit Server VM (19.0.1+10-21) for windows-amd64 JRE (19.0.1+10-21), built on 2022-09-14T12:45:06Z by "mach5one" with MS VC++ 17.1 (VS2022)

END.
